<?xml version="1.0" encoding="UTF-8"?>
<testsuite xmlns:xsi="http://www.w3.org/2001/XMLSchema-instance" xsi:noNamespaceSchemaLocation="https://maven.apache.org/surefire/maven-surefire-plugin/xsd/surefire-test-report.xsd" version="3.0.2" name="com.elpais.runners.CucumberTestRunner" time="64.99" tests="1" errors="0" skipped="0" failures="0">
  <properties>
[...]
</properties>
  <testcase name="runScenario[&quot;Scrape 5 articles from Opinión, translate es -&gt; en, analyze repeated words &gt;= 2&quot;, &quot;Scrape and analyze El País Opinión articles&quot;](1)" classname="com.elpais.runners.CucumberTestRunner" time="64.365">
    <system-out><![CDATA[
@smoke @regression
Scenario Outline: Scrape 5 articles from Opinión, translate es -> en, analyze repeated words >= 2                                                    &amp#27;[90m# src/test/resources/features/el_pais_scrape.feature:20&amp#27;[0m
  &amp#27;[32mGiven &amp#27;[0m&amp#27;[32m[Step &amp#27;[0m&amp#27;[32m&amp#27;[1m1&amp#27;[0m&amp#27;[32m] I open the "&amp#27;[0m&amp#27;[32m&amp#27;[1melpais.com&amp#27;[0m&amp#27;[32m" website in "&amp#27;[0m&amp#27;[32m&amp#27;[1mes&amp#27;[0m&amp#27;[32m" language&amp#27;[0m                                                                                    &amp#27;[90m# com.elpais.steps.HomeSteps.openWebsiteInLanguageNumbered(int,java.lang.String,java.lang.String)&amp#27;[0m
  &amp#27;[32mWhen &amp#27;[0m&amp#27;[32m[Step &amp#27;[0m&amp#27;[32m&amp#27;[1m2&amp#27;[0m&amp#27;[32m] I navigate to the "&amp#27;[0m&amp#27;[32m&amp#27;[1mOpinión&amp#27;[0m&amp#27;[32m" section&amp#27;[0m                                                                                                  &amp#27;[90m# com.elpais.steps.HomeSteps.navigateToSectionNumbered(int,java.lang.String)&amp#27;[0m
  &amp#27;[32mAnd &amp#27;[0m&amp#27;[32m[Step &amp#27;[0m&amp#27;[32m&amp#27;[1m3&amp#27;[0m&amp#27;[32m] I scrape the first &amp#27;[0m&amp#27;[32m&amp#27;[1m5&amp#27;[0m&amp#27;[32m articles with titles, content, and cover images into "&amp#27;[0m&amp#27;[32m&amp#27;[1moutput/images&amp#27;[0m&amp#27;[32m" images and "&amp#27;[0m&amp#27;[32m&amp#27;[1moutput/screenshots&amp#27;[0m&amp#27;[32m" screenshots&amp#27;[0m &amp#27;[90m# com.elpais.steps.OpinionSteps.scrapeArticlesNumbered(int,int,java.lang.String,java.lang.String)&amp#27;[0m
  &amp#27;[32mAnd &amp#27;[0m&amp#27;[32m[Step &amp#27;[0m&amp#27;[32m&amp#27;[1m4&amp#27;[0m&amp#27;[32m] I translate each article title from "&amp#27;[0m&amp#27;[32m&amp#27;[1mes&amp#27;[0m&amp#27;[32m" to "&amp#27;[0m&amp#27;[32m&amp#27;[1men&amp#27;[0m&amp#27;[32m"&amp#27;[0m                                                                                      &amp#27;[90m# com.elpais.steps.TranslationAnalysisSteps.translateTitlesNumbered(int,java.lang.String,java.lang.String)&amp#27;[0m
  &amp#27;[32mAnd &amp#27;[0m&amp#27;[32m[Step &amp#27;[0m&amp#27;[32m&amp#27;[1m5&amp#27;[0m&amp#27;[32m] I log the article scraping summary with first &amp#27;[0m&amp#27;[32m&amp#27;[1m300&amp#27;[0m&amp#27;[32m characters&amp#27;[0m                                                                          &amp#27;[90m# com.elpais.steps.DiagnosticsSteps.logArticleSummaryNumbered(int,int)&amp#27;[0m
  &amp#27;[32mAnd &amp#27;[0m&amp#27;[32m[Step &amp#27;[0m&amp#27;[32m&amp#27;[1m6&amp#27;[0m&amp#27;[32m] I capture a diagnostic snapshot&amp#27;[0m                                                                                                       &amp#27;[90m# com.elpais.steps.DiagnosticsSteps.captureDiagnosticSnapshotNumbered(int)&amp#27;[0m
  &amp#27;[32mAnd &amp#27;[0m&amp#27;[32m[Step &amp#27;[0m&amp#27;[32m&amp#27;[1m7&amp#27;[0m&amp#27;[32m] I log the article scraping summary&amp#27;[0m                                                                                                    &amp#27;[90m# com.elpais.steps.DiagnosticsSteps.logArticleSummaryNoArgNumbered(int)&amp#27;[0m
  &amp#27;[32mThen &amp#27;[0m&amp#27;[32m[Step &amp#27;[0m&amp#27;[32m&amp#27;[1m8&amp#27;[0m&amp#27;[32m] I print translated titles and words repeated more than &amp#27;[0m&amp#27;[32m&amp#27;[1m2&amp#27;[0m&amp#27;[32m times&amp#27;[0m                                                                       &amp#27;[90m# com.elpais.steps.TranslationAnalysisSteps.printRepeatedWordsNumbered(int,int)&amp#27;[0m
  &amp#27;[32mAnd &amp#27;[0m&amp#27;[32m[Step &amp#27;[0m&amp#27;[32m&amp#27;[1m9&amp#27;[0m&amp#27;[32m] I close the &amp#27;[0m&amp#27;[32m&amp#27;[1m"chrome"&amp#27;[0m&amp#27;[32m browser&amp#27;[0m                                                                                                          &amp#27;[90m# com.elpais.steps.HomeSteps.closeBrowser(java.lang.Integer,java.lang.String)&amp#27;[0m
]]></system-out>
    <system-err><![CDATA[[TestNG-PoolService-1] INFO com.elpais.utils.DriverFactory - Connecting to BrowserStack hub
Nov 14, 2025 4:06:33 PM org.openqa.selenium.remote.tracing.opentelemetry.OpenTelemetryTracer createTracer
INFO: Using OpenTelemetry for tracing
[TestNG-PoolService-1] WARN com.elpais.utils.DriverFactory - Failed to create BrowserStack session: Could not start a new session. Possible causes are invalid address of the remote server or browser start-up failure. 
Host info: host: 'DESKTOP-TD6O78B', ip: '192.168.29.31'. Using local browser.
[TestNG-PoolService-1] INFO io.github.bonigarcia.wdm.WebDriverManager - Using chromedriver 142.0.7444.162 (resolved driver for Chrome 142)
[TestNG-PoolService-1] INFO io.github.bonigarcia.wdm.WebDriverManager - Exporting webdriver.chrome.driver as C:\Users\Pc\.cache\selenium\chromedriver\win64\142.0.7444.162\chromedriver.exe
[TestNG-PoolService-1] INFO com.elpais.utils.DriverFactory - Starting local Chrome driver
Nov 14, 2025 4:06:36 PM org.openqa.selenium.devtools.CdpVersionFinder findNearestMatch
WARNING: Unable to find CDP implementation matching 142
Nov 14, 2025 4:06:36 PM org.openqa.selenium.chromium.ChromiumDriver lambda$new$5
WARNING: Unable to find version of CDP to use for 142.0.7444.163. You may need to include a dependency on a specific version of the CDP using something similar to `org.seleniumhq.selenium:selenium-devtools-v86:4.25.0` where the version ("v86") matches the version of the chromium-based browser you're using and the version number of the artifact is the same as Selenium's.
[TestNG-PoolService-1] INFO com.elpais.utils.DriverFactory - Started remote WebDriver session
[TestNG-PoolService-1] INFO com.elpais.elem.ElementRepository - Loaded 2 elements for page 'HomePage'
[TestNG-PoolService-1] INFO com.elpais.elem.ElementActions - Clicked optional element HomePage::acceptCookiesButton
[TestNG-PoolService-1] INFO com.elpais.services.ArticleScrapingService - Confirmed page language 'es-ES'
[TestNG-PoolService-1] INFO com.elpais.steps.HomeSteps - Opened elpais.com homepage. Current URL: https://elpais.com/
[TestNG-PoolService-1] INFO com.elpais.services.ArticleScrapingService - Navigated to section 'Opinión'. Current URL: https://elpais.com/opinion/
[TestNG-PoolService-1] INFO com.elpais.elem.ElementRepository - Loaded 1 elements for page 'OpinionPage'
[TestNG-PoolService-1] INFO com.elpais.services.ArticleScrapingService - Found 5 article links, requested 5
[TestNG-PoolService-1] INFO com.elpais.elem.ElementRepository - Loaded 4 elements for page 'ArticlePage'
[TestNG-PoolService-1] INFO com.elpais.utils.ImageDownloader - Downloaded image from https://imagenes.elpais.com/resizer/v2/MKS6V5ZJFNC6XHP3VP3BHN3UJY.jpg?auth=99deed57ef8268b0168af3bdbc9fe3fc062217e7f7f838765626cc31e28cd786&width=1200 to output\images\article_1_20251114160705.jpg
[TestNG-PoolService-1] INFO com.elpais.services.ArticleScrapingService - Scraped article 1 -> 'Visto para sentencia'
[TestNG-PoolService-1] INFO com.elpais.utils.ImageDownloader - Downloaded image from https://imagenes.elpais.com/resizer/v2/NKTG6CG77NBVHIQ3H36S5PB25Y.jpg?auth=78422d7496ae125d4d3efc2a0736cd9f671a93a7255218366e3deeae9b6421b5&width=1200 to output\images\article_2_20251114160707.jpg
[TestNG-PoolService-1] INFO com.elpais.services.ArticleScrapingService - Scraped article 2 -> 'Nuevo aval a la ley de amnistía'
[TestNG-PoolService-1] INFO com.elpais.utils.ImageDownloader - Downloaded image from https://imagenes.elpais.com/resizer/v2/6627NOGX45KCPNAGNX37NEEXB4.jpg?auth=114e82896134d37d105bf073c443f154e0249a70edfad331977c04200ea41259&width=1200 to output\images\article_3_20251114160709.jpg
[TestNG-PoolService-1] INFO com.elpais.services.ArticleScrapingService - Scraped article 3 -> 'Vox desafía al ‘Little Miami’ de Ayuso'
[TestNG-PoolService-1] INFO com.elpais.utils.ImageDownloader - Downloaded image from https://imagenes.elpais.com/resizer/v2/LNNW7OTKBFFAJJMLSTKWCJMRWU.jpg?auth=f92ec6348d84262a27fa0942b15b586fdd488a992e7d65d1b129f58eceb3fb41&width=1200 to output\images\article_4_20251114160726.jpg
[TestNG-PoolService-1] INFO com.elpais.services.ArticleScrapingService - Scraped article 4 -> 'Juegos mortales de niños viejos'
[TestNG-PoolService-1] INFO com.elpais.utils.ImageDownloader - Downloaded image from https://imagenes.elpais.com/resizer/v2/OD7GCMWVIRBFVKS5PA5NL2UCKY.jpg?auth=7ba6c04434867bbc3e33ee3ee2038c3d71c16ae32a63d918e500b7e347984cdf&width=1200 to output\images\article_5_20251114160735.jpg
[TestNG-PoolService-1] INFO com.elpais.services.ArticleScrapingService - Scraped article 5 -> '‘Tokio infrarrojo’'
[TestNG-PoolService-1] WARN com.elpais.utils.Translator - Translation API unexpected response (es -> en, status 403): {"message":"You are not subscribed to this API."}
[TestNG-PoolService-1] INFO com.elpais.services.TranslationService - Translated 'Visto para sentencia' [es -> en] -> 'Visto para sentencia'
[TestNG-PoolService-1] WARN com.elpais.utils.Translator - Translation API unexpected response (es -> en, status 429): {"message":"Too many requests"}
[TestNG-PoolService-1] INFO com.elpais.services.TranslationService - Translated 'Nuevo aval a la ley de amnistía' [es -> en] -> 'Nuevo aval a la ley de amnistía'
[TestNG-PoolService-1] WARN com.elpais.utils.Translator - Translation API unexpected response (es -> en, status 429): {"message":"Too many requests"}
[TestNG-PoolService-1] INFO com.elpais.services.TranslationService - Translated 'Vox desafía al ‘Little Miami’ de Ayuso' [es -> en] -> 'Vox desafía al ‘Little Miami’ de Ayuso'
[TestNG-PoolService-1] WARN com.elpais.utils.Translator - Translation API unexpected response (es -> en, status 429): {"message":"Too many requests"}
[TestNG-PoolService-1] INFO com.elpais.services.TranslationService - Translated 'Juegos mortales de niños viejos' [es -> en] -> 'Juegos mortales de niños viejos'
[TestNG-PoolService-1] WARN com.elpais.utils.Translator - Translation API unexpected response (es -> en, status 429): {"message":"Too many requests"}
[TestNG-PoolService-1] INFO com.elpais.services.TranslationService - Translated '‘Tokio infrarrojo’' [es -> en] -> '‘Tokio infrarrojo’'
[TestNG-PoolService-1] INFO com.elpais.services.ArticleScrapingService - === Article Scraping Summary (5 articles) ===
[TestNG-PoolService-1] INFO com.elpais.services.ArticleScrapingService - Title (ES): Visto para sentencia
[TestNG-PoolService-1] INFO com.elpais.services.ArticleScrapingService - Snippet: El Tribunal Supremo tiene la oportunidad de restaurar la confianza en la justicia con su fallo sobre el caso del fiscal general

El juicio en el Tribunal Supremo por supuesta revelación de secretos contra el fiscal general del Estado, Álvaro García Ortiz, quedó ayer visto para sentencia un año y med...
[TestNG-PoolService-1] INFO com.elpais.services.ArticleScrapingService - Image path: output\images\article_1_20251114160705.jpg
[TestNG-PoolService-1] INFO com.elpais.services.ArticleScrapingService - Screenshot path: output\screenshots\article_1.png
[TestNG-PoolService-1] INFO com.elpais.services.ArticleScrapingService - URL: https://elpais.com/opinion/2025-11-14/visto-para-sentencia.html
[TestNG-PoolService-1] INFO com.elpais.services.ArticleScrapingService - Title (ES): Nuevo aval a la ley de amnistía
[TestNG-PoolService-1] INFO com.elpais.services.ArticleScrapingService - Snippet: El razonado informe del Abogado General del Tribunal de Justicia de la UE debe contribuir a encauzar su aplicación y a rebajar la tensión política en España

El aval del Abogado General del Tribunal de Justicia de la Unión Europea a la ley de amnistía supone un paso importante, aunque no definitivo,...
[TestNG-PoolService-1] INFO com.elpais.services.ArticleScrapingService - Image path: output\images\article_2_20251114160707.jpg
[TestNG-PoolService-1] INFO com.elpais.services.ArticleScrapingService - Screenshot path: output\screenshots\article_2.png
[TestNG-PoolService-1] INFO com.elpais.services.ArticleScrapingService - URL: https://elpais.com/opinion/2025-11-14/nuevo-aval-a-la-ley-de-amnistia.html
[TestNG-PoolService-1] INFO com.elpais.services.ArticleScrapingService - Title (ES): Vox desafía al ‘Little Miami’ de Ayuso
[TestNG-PoolService-1] INFO com.elpais.services.ArticleScrapingService - Snippet: Empieza a emerger una ultraderecha social que ha hecho suya la premisa de que el empobrecimiento se ha vuelto estructural en España

Vox ha decidido desafiar al Little Miami de Isabel Díaz Ayuso. Es decir, haber convertido Madrid en el paradigma de una derecha globalizada, amiga de los impuestos baj...
[TestNG-PoolService-1] INFO com.elpais.services.ArticleScrapingService - Image path: output\images\article_3_20251114160709.jpg
[TestNG-PoolService-1] INFO com.elpais.services.ArticleScrapingService - Screenshot path: output\screenshots\article_3.png
[TestNG-PoolService-1] INFO com.elpais.services.ArticleScrapingService - URL: https://elpais.com/opinion/2025-11-14/vox-desafia-al-little-miami-de-ayuso.html
[TestNG-PoolService-1] INFO com.elpais.services.ArticleScrapingService - Title (ES): Juegos mortales de niños viejos
[TestNG-PoolService-1] INFO com.elpais.services.ArticleScrapingService - Snippet: Triunfan los matones que dicen ir con la sinceridad por delante frente a la hipocresía de las reglas de la democracia y la cortesía

En el Kunst­historisches Museum de Viena hay un cuadro que siempre me ha gustado mucho, Juegos de niños, pintado por Brueghel el Viejo en 1560. Parece un maravilloso c...
[TestNG-PoolService-1] INFO com.elpais.services.ArticleScrapingService - Image path: output\images\article_4_20251114160726.jpg
[TestNG-PoolService-1] INFO com.elpais.services.ArticleScrapingService - Screenshot path: output\screenshots\article_4.png
[TestNG-PoolService-1] INFO com.elpais.services.ArticleScrapingService - URL: https://elpais.com/opinion/2025-11-14/juegos-mortales-de-ninos-viejos.html
[TestNG-PoolService-1] INFO com.elpais.services.ArticleScrapingService - Title (ES): ‘Tokio infrarrojo’
[TestNG-PoolService-1] INFO com.elpais.services.ArticleScrapingService - Snippet: 
[TestNG-PoolService-1] INFO com.elpais.services.ArticleScrapingService - Image path: output\images\article_5_20251114160735.jpg
[TestNG-PoolService-1] INFO com.elpais.services.ArticleScrapingService - Screenshot path: output\screenshots\article_5.png
[TestNG-PoolService-1] INFO com.elpais.services.ArticleScrapingService - URL: https://elpais.com/opinion/2025-11-10/tokio-infrarrojo.html
[TestNG-PoolService-1] INFO com.elpais.steps.DiagnosticsSteps - Diagnostic snapshot captured. URL='https://elpais.com/opinion/2025-11-10/tokio-infrarrojo.html', title='‘Tokio infrarrojo’ | Fotos | Opinión | EL PAÍS', screenshot='output\diagnostics\diag_20251114_160737_341.png'
[TestNG-PoolService-1] INFO com.elpais.services.ArticleScrapingService - === Article Scraping Summary (5 articles) ===
[TestNG-PoolService-1] INFO com.elpais.services.ArticleScrapingService - Title (ES): Visto para sentencia
[TestNG-PoolService-1] INFO com.elpais.services.ArticleScrapingService - Snippet: El Tribunal Supremo tiene la oportunidad de restaurar la confianza en la justicia con su fallo sobre el caso del fiscal general

El juicio en el Tribunal Supremo por supuesta revelación de secretos contra el fiscal general del Estado, Álvaro García Ortiz, quedó ayer visto para sentencia un año y med...
[TestNG-PoolService-1] INFO com.elpais.services.ArticleScrapingService - Image path: output\images\article_1_20251114160705.jpg
[TestNG-PoolService-1] INFO com.elpais.services.ArticleScrapingService - Screenshot path: output\screenshots\article_1.png
[TestNG-PoolService-1] INFO com.elpais.services.ArticleScrapingService - URL: https://elpais.com/opinion/2025-11-14/visto-para-sentencia.html
[TestNG-PoolService-1] INFO com.elpais.services.ArticleScrapingService - Title (ES): Nuevo aval a la ley de amnistía
[TestNG-PoolService-1] INFO com.elpais.services.ArticleScrapingService - Snippet: El razonado informe del Abogado General del Tribunal de Justicia de la UE debe contribuir a encauzar su aplicación y a rebajar la tensión política en España

El aval del Abogado General del Tribunal de Justicia de la Unión Europea a la ley de amnistía supone un paso importante, aunque no definitivo,...
[TestNG-PoolService-1] INFO com.elpais.services.ArticleScrapingService - Image path: output\images\article_2_20251114160707.jpg
[TestNG-PoolService-1] INFO com.elpais.services.ArticleScrapingService - Screenshot path: output\screenshots\article_2.png
[TestNG-PoolService-1] INFO com.elpais.services.ArticleScrapingService - URL: https://elpais.com/opinion/2025-11-14/nuevo-aval-a-la-ley-de-amnistia.html
[TestNG-PoolService-1] INFO com.elpais.services.ArticleScrapingService - Title (ES): Vox desafía al ‘Little Miami’ de Ayuso
[TestNG-PoolService-1] INFO com.elpais.services.ArticleScrapingService - Snippet: Empieza a emerger una ultraderecha social que ha hecho suya la premisa de que el empobrecimiento se ha vuelto estructural en España

Vox ha decidido desafiar al Little Miami de Isabel Díaz Ayuso. Es decir, haber convertido Madrid en el paradigma de una derecha globalizada, amiga de los impuestos baj...
[TestNG-PoolService-1] INFO com.elpais.services.ArticleScrapingService - Image path: output\images\article_3_20251114160709.jpg
[TestNG-PoolService-1] INFO com.elpais.services.ArticleScrapingService - Screenshot path: output\screenshots\article_3.png
[TestNG-PoolService-1] INFO com.elpais.services.ArticleScrapingService - URL: https://elpais.com/opinion/2025-11-14/vox-desafia-al-little-miami-de-ayuso.html
[TestNG-PoolService-1] INFO com.elpais.services.ArticleScrapingService - Title (ES): Juegos mortales de niños viejos
[TestNG-PoolService-1] INFO com.elpais.services.ArticleScrapingService - Snippet: Triunfan los matones que dicen ir con la sinceridad por delante frente a la hipocresía de las reglas de la democracia y la cortesía

En el Kunst­historisches Museum de Viena hay un cuadro que siempre me ha gustado mucho, Juegos de niños, pintado por Brueghel el Viejo en 1560. Parece un maravilloso c...
[TestNG-PoolService-1] INFO com.elpais.services.ArticleScrapingService - Image path: output\images\article_4_20251114160726.jpg
[TestNG-PoolService-1] INFO com.elpais.services.ArticleScrapingService - Screenshot path: output\screenshots\article_4.png
[TestNG-PoolService-1] INFO com.elpais.services.ArticleScrapingService - URL: https://elpais.com/opinion/2025-11-14/juegos-mortales-de-ninos-viejos.html
[TestNG-PoolService-1] INFO com.elpais.services.ArticleScrapingService - Title (ES): ‘Tokio infrarrojo’
[TestNG-PoolService-1] INFO com.elpais.services.ArticleScrapingService - Snippet: 
[TestNG-PoolService-1] INFO com.elpais.services.ArticleScrapingService - Image path: output\images\article_5_20251114160735.jpg
[TestNG-PoolService-1] INFO com.elpais.services.ArticleScrapingService - Screenshot path: output\screenshots\article_5.png
[TestNG-PoolService-1] INFO com.elpais.services.ArticleScrapingService - URL: https://elpais.com/opinion/2025-11-10/tokio-infrarrojo.html
[TestNG-PoolService-1] INFO com.elpais.services.AnalysisService - === Repeated words (>= 2 occurrences) ===
[TestNG-PoolService-1] INFO com.elpais.services.AnalysisService - No repeated words found meeting the threshold.
[TestNG-PoolService-1] INFO com.elpais.steps.HomeSteps - Step 9: chrome browser closed successfully.
]]></system-err>
  </testcase>
</testsuite>