<?xml version="1.0" encoding="UTF-8"?>
<testsuite xmlns:xsi="http://www.w3.org/2001/XMLSchema-instance" xsi:noNamespaceSchemaLocation="https://maven.apache.org/surefire/maven-surefire-plugin/xsd/surefire-test-report.xsd" version="3.0.2" name="TestSuite" time="2.992" tests="5" errors="0" skipped="0" failures="5">
  <properties>
[...]
</properties>
  <testcase name="runScenario[&quot;Scrape 5 articles from Opinión, translate es -&gt; en, analyze repeated words &gt;= 2&quot;, &quot;Scrape and analyze El País Opinión articles&quot;](1)" classname="com.elpais.runners.CucumberTestRunner" time="2.107">
    <failure message="Could not start a new session. Possible causes are invalid address of the remote server or browser start-up failure. &#10;Host info: host: &apos;DESKTOP-TD6O78B&apos;, ip: &apos;192.168.29.31&apos;" type="org.openqa.selenium.SessionNotCreatedException"><![CDATA[org.openqa.selenium.SessionNotCreatedException: 
Could not start a new session. Possible causes are invalid address of the remote server or browser start-up failure. 
Host info: host: 'DESKTOP-TD6O78B', ip: '192.168.29.31'
	at org.openqa.selenium.remote.RemoteWebDriver.execute(RemoteWebDriver.java:563)
	at org.openqa.selenium.remote.RemoteWebDriver.startSession(RemoteWebDriver.java:245)
	at org.openqa.selenium.remote.RemoteWebDriver.<init>(RemoteWebDriver.java:174)
	at org.openqa.selenium.remote.RemoteWebDriver.<init>(RemoteWebDriver.java:152)
	at com.elpais.utils.DriverFactory.createRemoteDriver(DriverFactory.java:148)
	at com.elpais.utils.DriverFactory.getDriver(DriverFactory.java:86)
	at com.elpais.services.ArticleScrapingService.<init>(ArticleScrapingService.java:32)
	at com.elpais.steps.HomeSteps.openWebsiteInLanguage(HomeSteps.java:21)
	at com.elpais.steps.HomeSteps.openWebsiteInLanguageNumbered(HomeSteps.java:31)
	at ✽.[Step 1] I open the "elpais.com" website in "es" language(file:///C:/Users/Pc/Downloads/ELPais/ELPais/src/test/resources/features/el_pais_scrape.feature:8)
Caused by: org.openqa.selenium.WebDriverException: Automate testing time expired.
Build info: version: '4.25.0', revision: '8a8aea2337'
System info: os.name: 'Windows 11', os.arch: 'amd64', os.version: '10.0', java.version: '21.0.7'
Driver info: driver.version: RemoteWebDriver
remote stacktrace: 
	at java.base/jdk.internal.reflect.DirectConstructorHandleAccessor.newInstance(DirectConstructorHandleAccessor.java:62)
	at java.base/java.lang.reflect.Constructor.newInstanceWithCaller(Constructor.java:502)
	at java.base/java.lang.reflect.Constructor.newInstance(Constructor.java:486)
	at org.openqa.selenium.remote.W3CHandshakeResponse.lambda$errorHandler$0(W3CHandshakeResponse.java:59)
	at org.openqa.selenium.remote.HandshakeResponse.lambda$getResponseFunction$0(HandshakeResponse.java:31)
	at org.openqa.selenium.remote.ProtocolHandshake.lambda$createSession$0(ProtocolHandshake.java:120)
	at java.base/java.util.stream.ReferencePipeline$3$1.accept(ReferencePipeline.java:197)
	at java.base/java.util.stream.Streams$StreamBuilderImpl.tryAdvance(Streams.java:397)
	at java.base/java.util.stream.ReferencePipeline.forEachWithCancel(ReferencePipeline.java:129)
	at java.base/java.util.stream.AbstractPipeline.copyIntoWithCancel(AbstractPipeline.java:527)
	at java.base/java.util.stream.AbstractPipeline.copyInto(AbstractPipeline.java:513)
	at java.base/java.util.stream.AbstractPipeline.wrapAndCopyInto(AbstractPipeline.java:499)
	at java.base/java.util.stream.FindOps$FindOp.evaluateSequential(FindOps.java:150)
	at java.base/java.util.stream.AbstractPipeline.evaluate(AbstractPipeline.java:234)
	at java.base/java.util.stream.ReferencePipeline.findFirst(ReferencePipeline.java:647)
	at org.openqa.selenium.remote.ProtocolHandshake.createSession(ProtocolHandshake.java:122)
	at org.openqa.selenium.remote.ProtocolHandshake.createSession(ProtocolHandshake.java:75)
	at org.openqa.selenium.remote.ProtocolHandshake.createSession(ProtocolHandshake.java:61)
	at org.openqa.selenium.remote.HttpCommandExecutor.execute(HttpCommandExecutor.java:162)
	at org.openqa.selenium.remote.TracedCommandExecutor.execute(TracedCommandExecutor.java:53)
	at org.openqa.selenium.remote.RemoteWebDriver.execute(RemoteWebDriver.java:545)
	at org.openqa.selenium.remote.RemoteWebDriver.startSession(RemoteWebDriver.java:245)
	at org.openqa.selenium.remote.RemoteWebDriver.<init>(RemoteWebDriver.java:174)
	at org.openqa.selenium.remote.RemoteWebDriver.<init>(RemoteWebDriver.java:152)
	at com.elpais.utils.DriverFactory.createRemoteDriver(DriverFactory.java:148)
	at com.elpais.utils.DriverFactory.getDriver(DriverFactory.java:86)
	at com.elpais.services.ArticleScrapingService.<init>(ArticleScrapingService.java:32)
	at com.elpais.steps.HomeSteps.openWebsiteInLanguage(HomeSteps.java:21)
	at com.elpais.steps.HomeSteps.openWebsiteInLanguageNumbered(HomeSteps.java:31)
	at java.base/jdk.internal.reflect.DirectMethodHandleAccessor.invoke(DirectMethodHandleAccessor.java:103)
	at java.base/java.lang.reflect.Method.invoke(Method.java:580)
	at io.cucumber.java.Invoker.doInvoke(Invoker.java:66)
	at io.cucumber.java.Invoker.invoke(Invoker.java:24)
	at io.cucumber.java.AbstractGlueDefinition.invokeMethod(AbstractGlueDefinition.java:47)
	at io.cucumber.java.JavaStepDefinition.execute(JavaStepDefinition.java:29)
	at io.cucumber.core.runner.CoreStepDefinition.execute(CoreStepDefinition.java:66)
	at io.cucumber.core.runner.PickleStepDefinitionMatch.runStep(PickleStepDefinitionMatch.java:63)
	at io.cucumber.core.runner.ExecutionMode$1.execute(ExecutionMode.java:10)
	at io.cucumber.core.runner.TestStep.executeStep(TestStep.java:81)
	at io.cucumber.core.runner.TestStep.run(TestStep.java:53)
	at io.cucumber.core.runner.PickleStepTestStep.run(PickleStepTestStep.java:51)
	at io.cucumber.core.runner.TestCase.run(TestCase.java:84)
	at io.cucumber.core.runner.Runner.runPickle(Runner.java:75)
	at io.cucumber.testng.TestNGCucumberRunner.lambda$runScenario$1(TestNGCucumberRunner.java:132)
	at io.cucumber.core.runtime.CucumberExecutionContext.lambda$runTestCase$5(CucumberExecutionContext.java:136)
	at io.cucumber.core.runtime.RethrowingThrowableCollector.executeAndThrow(RethrowingThrowableCollector.java:23)
	at io.cucumber.core.runtime.CucumberExecutionContext.runTestCase(CucumberExecutionContext.java:136)
	at io.cucumber.testng.TestNGCucumberRunner.runScenario(TestNGCucumberRunner.java:129)
	at io.cucumber.testng.AbstractTestNGCucumberTests.runScenario(AbstractTestNGCucumberTests.java:35)
	at java.base/jdk.internal.reflect.DirectMethodHandleAccessor.invoke(DirectMethodHandleAccessor.java:103)
	at java.base/java.lang.reflect.Method.invoke(Method.java:580)
	at org.testng.internal.invokers.MethodInvocationHelper.invokeMethod(MethodInvocationHelper.java:141)
	at org.testng.internal.invokers.TestInvoker.invokeMethod(TestInvoker.java:686)
	at org.testng.internal.invokers.TestInvoker.invokeTestMethod(TestInvoker.java:230)
	at org.testng.internal.invokers.TestMethodWithDataProviderMethodWorker.call(TestMethodWithDataProviderMethodWorker.java:81)
	at org.testng.internal.thread.Async$AsyncTask.run(Async.java:34)
	at java.base/java.util.concurrent.ThreadPoolExecutor.runWorker(ThreadPoolExecutor.java:1144)
	at java.base/java.util.concurrent.ThreadPoolExecutor$Worker.run(ThreadPoolExecutor.java:642)
	at java.base/java.lang.Thread.run(Thread.java:1583)
]]></failure>
    <system-out><![CDATA[
@smoke @regression

@smoke @regression

@smoke @regression

@smoke @regression

@smoke @regression
Scenario Outline: Scrape 5 articles from Opinión, translate es -> en, analyze repeated words >= 2                                                    &amp#27;[90m# src/test/resources/features/el_pais_scrape.feature:20&amp#27;[0m
Scenario Outline: Scrape 5 articles from Opinión, translate es -> en, analyze repeated words >= 2                                                    &amp#27;[90m# src/test/resources/features/el_pais_scrape.feature:20&amp#27;[0m
Scenario Outline: Scrape 5 articles from Opinión, translate es -> en, analyze repeated words >= 2                                                    &amp#27;[90m# src/test/resources/features/el_pais_scrape.feature:20&amp#27;[0m
Scenario Outline: Scrape 5 articles from Opinión, translate es -> en, analyze repeated words >= 2                                                    &amp#27;[90m# src/test/resources/features/el_pais_scrape.feature:20&amp#27;[0m
Scenario Outline: Scrape 5 articles from Opinión, translate es -> en, analyze repeated words >= 2                                                    &amp#27;[90m# src/test/resources/features/el_pais_scrape.feature:20&amp#27;[0m
  &amp#27;[31mGiven &amp#27;[0m&amp#27;[31m[Step &amp#27;[0m&amp#27;[31m&amp#27;[1m1&amp#27;[0m&amp#27;[31m] I open the "&amp#27;[0m&amp#27;[31m&amp#27;[1melpais.com&amp#27;[0m&amp#27;[31m" website in "&amp#27;[0m&amp#27;[31m&amp#27;[1mes&amp#27;[0m&amp#27;[31m" language&amp#27;[0m                                                                                    &amp#27;[90m# com.elpais.steps.HomeSteps.openWebsiteInLanguageNumbered(int,java.lang.String,java.lang.String)&amp#27;[0m
  &amp#27;[31mGiven &amp#27;[0m&amp#27;[31m[Step &amp#27;[0m&amp#27;[31m&amp#27;[1m1&amp#27;[0m&amp#27;[31m] I open the "&amp#27;[0m&amp#27;[31m&amp#27;[1melpais.com&amp#27;[0m&amp#27;[31m" website in "&amp#27;[0m&amp#27;[31m&amp#27;[1mes&amp#27;[0m&amp#27;[31m" language&amp#27;[0m                                                                                    &amp#27;[90m# com.elpais.steps.HomeSteps.openWebsiteInLanguageNumbered(int,java.lang.String,java.lang.String)&amp#27;[0m
  &amp#27;[31mGiven &amp#27;[0m&amp#27;[31m[Step &amp#27;[0m&amp#27;[31m&amp#27;[1m1&amp#27;[0m&amp#27;[31m] I open the "&amp#27;[0m&amp#27;[31m&amp#27;[1melpais.com&amp#27;[0m&amp#27;[31m" website in "&amp#27;[0m&amp#27;[31m&amp#27;[1mes&amp#27;[0m&amp#27;[31m" language&amp#27;[0m                                                                                    &amp#27;[90m# com.elpais.steps.HomeSteps.openWebsiteInLanguageNumbered(int,java.lang.String,java.lang.String)&amp#27;[0m
  &amp#27;[31mGiven &amp#27;[0m&amp#27;[31m[Step &amp#27;[0m&amp#27;[31m&amp#27;[1m1&amp#27;[0m&amp#27;[31m] I open the "&amp#27;[0m&amp#27;[31m&amp#27;[1melpais.com&amp#27;[0m&amp#27;[31m" website in "&amp#27;[0m&amp#27;[31m&amp#27;[1mes&amp#27;[0m&amp#27;[31m" language&amp#27;[0m                                                                                    &amp#27;[90m# com.elpais.steps.HomeSteps.openWebsiteInLanguageNumbered(int,java.lang.String,java.lang.String)&amp#27;[0m
      &amp#27;[31morg.openqa.selenium.SessionNotCreatedException: Could not start a new session. Possible causes are invalid address of the remote server or browser start-up failure. 
Host info: host: 'DESKTOP-TD6O78B', ip: '192.168.29.31'
	at org.openqa.selenium.remote.RemoteWebDriver.execute(RemoteWebDriver.java:563)
	at org.openqa.selenium.remote.RemoteWebDriver.startSession(RemoteWebDriver.java:245)
	at org.openqa.selenium.remote.RemoteWebDriver.<init>(RemoteWebDriver.java:174)
	at org.openqa.selenium.remote.RemoteWebDriver.<init>(RemoteWebDriver.java:152)
	at com.elpais.utils.DriverFactory.createRemoteDriver(DriverFactory.java:148)
	at com.elpais.utils.DriverFactory.getDriver(DriverFactory.java:86)
	at com.elpais.services.ArticleScrapingService.<init>(ArticleScrapingService.java:32)
	at com.elpais.steps.HomeSteps.openWebsiteInLanguage(HomeSteps.java:21)
	at com.elpais.steps.HomeSteps.openWebsiteInLanguageNumbered(HomeSteps.java:31)
	at ✽.[Step 1] I open the "elpais.com" website in "es" language(file:///C:/Users/Pc/Downloads/ELPais/ELPais/src/test/resources/features/el_pais_scrape.feature:8)
Caused by: org.openqa.selenium.WebDriverException: Automate testing time expired.
Build info: version: '4.25.0', revision: '8a8aea2337'
System info: os.name: 'Windows 11', os.arch: 'amd64', os.version: '10.0', java.version: '21.0.7'
Driver info: driver.version: RemoteWebDriver
remote stacktrace: 
	at java.base/jdk.internal.reflect.DirectConstructorHandleAccessor.newInstance(DirectConstructorHandleAccessor.java:62)
	at java.base/java.lang.reflect.Constructor.newInstanceWithCaller(Constructor.java:502)
	at java.base/java.lang.reflect.Constructor.newInstance(Constructor.java:486)
	at org.openqa.selenium.remote.W3CHandshakeResponse.lambda$errorHandler$0(W3CHandshakeResponse.java:59)
	at org.openqa.selenium.remote.HandshakeResponse.lambda$getResponseFunction$0(HandshakeResponse.java:31)
	at org.openqa.selenium.remote.ProtocolHandshake.lambda$createSession$0(ProtocolHandshake.java:120)
	at java.base/java.util.stream.ReferencePipeline$3$1.accept(ReferencePipeline.java:197)
	at java.base/java.util.stream.Streams$StreamBuilderImpl.tryAdvance(Streams.java:397)
	at java.base/java.util.stream.ReferencePipeline.forEachWithCancel(ReferencePipeline.java:129)
	at java.base/java.util.stream.AbstractPipeline.copyIntoWithCancel(AbstractPipeline.java:527)
	at java.base/java.util.stream.AbstractPipeline.copyInto(AbstractPipeline.java:513)
	at java.base/java.util.stream.AbstractPipeline.wrapAndCopyInto(AbstractPipeline.java:499)
	at java.base/java.util.stream.FindOps$FindOp.evaluateSequential(FindOps.java:150)
	at java.base/java.util.stream.AbstractPipeline.evaluate(AbstractPipeline.java:234)
	at java.base/java.util.stream.ReferencePipeline.findFirst(ReferencePipeline.java:647)
	at org.openqa.selenium.remote.ProtocolHandshake.createSession(ProtocolHandshake.java:122)
	at org.openqa.selenium.remote.ProtocolHandshake.createSession(ProtocolHandshake.java:75)
	at org.openqa.selenium.remote.ProtocolHandshake.createSession(ProtocolHandshake.java:61)
	at org.openqa.selenium.remote.HttpCommandExecutor.execute(HttpCommandExecutor.java:162)
	at org.openqa.selenium.remote.TracedCommandExecutor.execute(TracedCommandExecutor.java:53)
	at org.openqa.selenium.remote.RemoteWebDriver.execute(RemoteWebDriver.java:545)
	at org.openqa.selenium.remote.RemoteWebDriver.startSession(RemoteWebDriver.java:245)
	at org.openqa.selenium.remote.RemoteWebDriver.<init>(RemoteWebDriver.java:174)
	at org.openqa.selenium.remote.RemoteWebDriver.<init>(RemoteWebDriver.java:152)
	at com.elpais.utils.DriverFactory.createRemoteDriver(DriverFactory.java:148)
	at com.elpais.utils.DriverFactory.getDriver(DriverFactory.java:86)
	at com.elpais.services.ArticleScrapingService.<init>(ArticleScrapingService.java:32)
	at com.elpais.steps.HomeSteps.openWebsiteInLanguage(HomeSteps.java:21)
	at com.elpais.steps.HomeSteps.openWebsiteInLanguageNumbered(HomeSteps.java:31)
	at java.base/jdk.internal.reflect.DirectMethodHandleAccessor.invoke(DirectMethodHandleAccessor.java:103)
	at java.base/java.lang.reflect.Method.invoke(Method.java:580)
	at io.cucumber.java.Invoker.doInvoke(Invoker.java:66)
	at io.cucumber.java.Invoker.invoke(Invoker.java:24)
	at io.cucumber.java.AbstractGlueDefinition.invokeMethod(AbstractGlueDefinition.java:47)
	at io.cucumber.java.JavaStepDefinition.execute(JavaStepDefinition.java:29)
	at io.cucumber.core.runner.CoreStepDefinition.execute(CoreStepDefinition.java:66)
	at io.cucumber.core.runner.PickleStepDefinitionMatch.runStep(PickleStepDefinitionMatch.java:63)
	at io.cucumber.core.runner.ExecutionMode$1.execute(ExecutionMode.java:10)
	at io.cucumber.core.runner.TestStep.executeStep(TestStep.java:81)
	at io.cucumber.core.runner.TestStep.run(TestStep.java:53)
	at io.cucumber.core.runner.PickleStepTestStep.run(PickleStepTestStep.java:51)
	at io.cucumber.core.runner.TestCase.run(TestCase.java:84)
	at io.cucumber.core.runner.Runner.runPickle(Runner.java:75)
	at io.cucumber.testng.TestNGCucumberRunner.lambda$runScenario$1(TestNGCucumberRunner.java:132)
	at io.cucumber.core.runtime.CucumberExecutionContext.lambda$runTestCase$5(CucumberExecutionContext.java:136)
	at io.cucumber.core.runtime.RethrowingThrowableCollector.executeAndThrow(RethrowingThrowableCollector.java:23)
	at io.cucumber.core.runtime.CucumberExecutionContext.runTestCase(CucumberExecutionContext.java:136)
	at io.cucumber.testng.TestNGCucumberRunner.runScenario(TestNGCucumberRunner.java:129)
	at io.cucumber.testng.AbstractTestNGCucumberTests.runScenario(AbstractTestNGCucumberTests.java:35)
	at java.base/jdk.internal.reflect.DirectMethodHandleAccessor.invoke(DirectMethodHandleAccessor.java:103)
	at java.base/java.lang.reflect.Method.invoke(Method.java:580)
	at org.testng.internal.invokers.MethodInvocationHelper.invokeMethod(MethodInvocationHelper.java:141)
	at org.testng.internal.invokers.TestInvoker.invokeMethod(TestInvoker.java:686)
	at org.testng.internal.invokers.TestInvoker.invokeTestMethod(TestInvoker.java:230)
	at org.testng.internal.invokers.TestMethodWithDataProviderMethodWorker.call(TestMethodWithDataProviderMethodWorker.java:81)
	at org.testng.internal.thread.Async$AsyncTask.run(Async.java:34)
	at java.base/java.util.concurrent.ThreadPoolExecutor.runWorker(ThreadPoolExecutor.java:1144)
	at java.base/java.util.concurrent.ThreadPoolExecutor$Worker.run(ThreadPoolExecutor.java:642)
	at java.base/java.lang.Thread.run(Thread.java:1583)
&amp#27;[0m
      &amp#27;[31morg.openqa.selenium.SessionNotCreatedException: Could not start a new session. Possible causes are invalid address of the remote server or browser start-up failure. 
Host info: host: 'DESKTOP-TD6O78B', ip: '192.168.29.31'
	at org.openqa.selenium.remote.RemoteWebDriver.execute(RemoteWebDriver.java:563)
	at org.openqa.selenium.remote.RemoteWebDriver.startSession(RemoteWebDriver.java:245)
	at org.openqa.selenium.remote.RemoteWebDriver.<init>(RemoteWebDriver.java:174)
	at org.openqa.selenium.remote.RemoteWebDriver.<init>(RemoteWebDriver.java:152)
	at com.elpais.utils.DriverFactory.createRemoteDriver(DriverFactory.java:148)
	at com.elpais.utils.DriverFactory.getDriver(DriverFactory.java:86)
	at com.elpais.services.ArticleScrapingService.<init>(ArticleScrapingService.java:32)
	at com.elpais.steps.HomeSteps.openWebsiteInLanguage(HomeSteps.java:21)
	at com.elpais.steps.HomeSteps.openWebsiteInLanguageNumbered(HomeSteps.java:31)
	at ✽.[Step 1] I open the "elpais.com" website in "es" language(file:///C:/Users/Pc/Downloads/ELPais/ELPais/src/test/resources/features/el_pais_scrape.feature:8)
Caused by: org.openqa.selenium.WebDriverException: Automate testing time expired.
Build info: version: '4.25.0', revision: '8a8aea2337'
System info: os.name: 'Windows 11', os.arch: 'amd64', os.version: '10.0', java.version: '21.0.7'
Driver info: driver.version: RemoteWebDriver
remote stacktrace: 
	at java.base/jdk.internal.reflect.DirectConstructorHandleAccessor.newInstance(DirectConstructorHandleAccessor.java:62)
	at java.base/java.lang.reflect.Constructor.newInstanceWithCaller(Constructor.java:502)
	at java.base/java.lang.reflect.Constructor.newInstance(Constructor.java:486)
	at org.openqa.selenium.remote.W3CHandshakeResponse.lambda$errorHandler$0(W3CHandshakeResponse.java:59)
	at org.openqa.selenium.remote.HandshakeResponse.lambda$getResponseFunction$0(HandshakeResponse.java:31)
	at org.openqa.selenium.remote.ProtocolHandshake.lambda$createSession$0(ProtocolHandshake.java:120)
	at java.base/java.util.stream.ReferencePipeline$3$1.accept(ReferencePipeline.java:197)
	at java.base/java.util.stream.Streams$StreamBuilderImpl.tryAdvance(Streams.java:397)
	at java.base/java.util.stream.ReferencePipeline.forEachWithCancel(ReferencePipeline.java:129)
	at java.base/java.util.stream.AbstractPipeline.copyIntoWithCancel(AbstractPipeline.java:527)
	at java.base/java.util.stream.AbstractPipeline.copyInto(AbstractPipeline.java:513)
	at java.base/java.util.stream.AbstractPipeline.wrapAndCopyInto(AbstractPipeline.java:499)
	at java.base/java.util.stream.FindOps$FindOp.evaluateSequential(FindOps.java:150)
	at java.base/java.util.stream.AbstractPipeline.evaluate(AbstractPipeline.java:234)
	at java.base/java.util.stream.ReferencePipeline.findFirst(ReferencePipeline.java:647)
	at org.openqa.selenium.remote.ProtocolHandshake.createSession(ProtocolHandshake.java:122)
	at org.openqa.selenium.remote.ProtocolHandshake.createSession(ProtocolHandshake.java:75)
	at org.openqa.selenium.remote.ProtocolHandshake.createSession(ProtocolHandshake.java:61)
	at org.openqa.selenium.remote.HttpCommandExecutor.execute(HttpCommandExecutor.java:162)
	at org.openqa.selenium.remote.TracedCommandExecutor.execute(TracedCommandExecutor.java:53)
	at org.openqa.selenium.remote.RemoteWebDriver.execute(RemoteWebDriver.java:545)
	at org.openqa.selenium.remote.RemoteWebDriver.startSession(RemoteWebDriver.java:245)
	at org.openqa.selenium.remote.RemoteWebDriver.<init>(RemoteWebDriver.java:174)
	at org.openqa.selenium.remote.RemoteWebDriver.<init>(RemoteWebDriver.java:152)
	at com.elpais.utils.DriverFactory.createRemoteDriver(DriverFactory.java:148)
	at com.elpais.utils.DriverFactory.getDriver(DriverFactory.java:86)
	at com.elpais.services.ArticleScrapingService.<init>(ArticleScrapingService.java:32)
	at com.elpais.steps.HomeSteps.openWebsiteInLanguage(HomeSteps.java:21)
	at com.elpais.steps.HomeSteps.openWebsiteInLanguageNumbered(HomeSteps.java:31)
	at java.base/jdk.internal.reflect.DirectMethodHandleAccessor.invoke(DirectMethodHandleAccessor.java:103)
	at java.base/java.lang.reflect.Method.invoke(Method.java:580)
	at io.cucumber.java.Invoker.doInvoke(Invoker.java:66)
	at io.cucumber.java.Invoker.invoke(Invoker.java:24)
	at io.cucumber.java.AbstractGlueDefinition.invokeMethod(AbstractGlueDefinition.java:47)
	at io.cucumber.java.JavaStepDefinition.execute(JavaStepDefinition.java:29)
	at io.cucumber.core.runner.CoreStepDefinition.execute(CoreStepDefinition.java:66)
	at io.cucumber.core.runner.PickleStepDefinitionMatch.runStep(PickleStepDefinitionMatch.java:63)
	at io.cucumber.core.runner.ExecutionMode$1.execute(ExecutionMode.java:10)
	at io.cucumber.core.runner.TestStep.executeStep(TestStep.java:81)
	at io.cucumber.core.runner.TestStep.run(TestStep.java:53)
	at io.cucumber.core.runner.PickleStepTestStep.run(PickleStepTestStep.java:51)
	at io.cucumber.core.runner.TestCase.run(TestCase.java:84)
	at io.cucumber.core.runner.Runner.runPickle(Runner.java:75)
	at io.cucumber.testng.TestNGCucumberRunner.lambda$runScenario$1(TestNGCucumberRunner.java:132)
	at io.cucumber.core.runtime.CucumberExecutionContext.lambda$runTestCase$5(CucumberExecutionContext.java:136)
	at io.cucumber.core.runtime.RethrowingThrowableCollector.executeAndThrow(RethrowingThrowableCollector.java:23)
	at io.cucumber.core.runtime.CucumberExecutionContext.runTestCase(CucumberExecutionContext.java:136)
	at io.cucumber.testng.TestNGCucumberRunner.runScenario(TestNGCucumberRunner.java:129)
	at io.cucumber.testng.AbstractTestNGCucumberTests.runScenario(AbstractTestNGCucumberTests.java:35)
	at java.base/jdk.internal.reflect.DirectMethodHandleAccessor.invoke(DirectMethodHandleAccessor.java:103)
	at java.base/java.lang.reflect.Method.invoke(Method.java:580)
	at org.testng.internal.invokers.MethodInvocationHelper.invokeMethod(MethodInvocationHelper.java:141)
	at org.testng.internal.invokers.TestInvoker.invokeMethod(TestInvoker.java:686)
	at org.testng.internal.invokers.TestInvoker.invokeTestMethod(TestInvoker.java:230)
	at org.testng.internal.invokers.TestMethodWithDataProviderMethodWorker.call(TestMethodWithDataProviderMethodWorker.java:81)
	at org.testng.internal.thread.Async$AsyncTask.run(Async.java:34)
	at java.base/java.util.concurrent.ThreadPoolExecutor.runWorker(ThreadPoolExecutor.java:1144)
	at java.base/java.util.concurrent.ThreadPoolExecutor$Worker.run(ThreadPoolExecutor.java:642)
	at java.base/java.lang.Thread.run(Thread.java:1583)
&amp#27;[0m
      &amp#27;[31morg.openqa.selenium.SessionNotCreatedException: Could not start a new session. Possible causes are invalid address of the remote server or browser start-up failure. 
Host info: host: 'DESKTOP-TD6O78B', ip: '192.168.29.31'
	at org.openqa.selenium.remote.RemoteWebDriver.execute(RemoteWebDriver.java:563)
	at org.openqa.selenium.remote.RemoteWebDriver.startSession(RemoteWebDriver.java:245)
	at org.openqa.selenium.remote.RemoteWebDriver.<init>(RemoteWebDriver.java:174)
	at org.openqa.selenium.remote.RemoteWebDriver.<init>(RemoteWebDriver.java:152)
	at com.elpais.utils.DriverFactory.createRemoteDriver(DriverFactory.java:148)
	at com.elpais.utils.DriverFactory.getDriver(DriverFactory.java:86)
	at com.elpais.services.ArticleScrapingService.<init>(ArticleScrapingService.java:32)
	at com.elpais.steps.HomeSteps.openWebsiteInLanguage(HomeSteps.java:21)
	at com.elpais.steps.HomeSteps.openWebsiteInLanguageNumbered(HomeSteps.java:31)
	at ✽.[Step 1] I open the "elpais.com" website in "es" language(file:///C:/Users/Pc/Downloads/ELPais/ELPais/src/test/resources/features/el_pais_scrape.feature:8)
Caused by: org.openqa.selenium.WebDriverException: Automate testing time expired.
Build info: version: '4.25.0', revision: '8a8aea2337'
System info: os.name: 'Windows 11', os.arch: 'amd64', os.version: '10.0', java.version: '21.0.7'
Driver info: driver.version: RemoteWebDriver
remote stacktrace: 
	at java.base/jdk.internal.reflect.DirectConstructorHandleAccessor.newInstance(DirectConstructorHandleAccessor.java:62)
	at java.base/java.lang.reflect.Constructor.newInstanceWithCaller(Constructor.java:502)
	at java.base/java.lang.reflect.Constructor.newInstance(Constructor.java:486)
	at org.openqa.selenium.remote.W3CHandshakeResponse.lambda$errorHandler$0(W3CHandshakeResponse.java:59)
	at org.openqa.selenium.remote.HandshakeResponse.lambda$getResponseFunction$0(HandshakeResponse.java:31)
	at org.openqa.selenium.remote.ProtocolHandshake.lambda$createSession$0(ProtocolHandshake.java:120)
	at java.base/java.util.stream.ReferencePipeline$3$1.accept(ReferencePipeline.java:197)
	at java.base/java.util.stream.Streams$StreamBuilderImpl.tryAdvance(Streams.java:397)
	at java.base/java.util.stream.ReferencePipeline.forEachWithCancel(ReferencePipeline.java:129)
	at java.base/java.util.stream.AbstractPipeline.copyIntoWithCancel(AbstractPipeline.java:527)
	at java.base/java.util.stream.AbstractPipeline.copyInto(AbstractPipeline.java:513)
	at java.base/java.util.stream.AbstractPipeline.wrapAndCopyInto(AbstractPipeline.java:499)
	at java.base/java.util.stream.FindOps$FindOp.evaluateSequential(FindOps.java:150)
	at java.base/java.util.stream.AbstractPipeline.evaluate(AbstractPipeline.java:234)
	at java.base/java.util.stream.ReferencePipeline.findFirst(ReferencePipeline.java:647)
	at org.openqa.selenium.remote.ProtocolHandshake.createSession(ProtocolHandshake.java:122)
	at org.openqa.selenium.remote.ProtocolHandshake.createSession(ProtocolHandshake.java:75)
	at org.openqa.selenium.remote.ProtocolHandshake.createSession(ProtocolHandshake.java:61)
	at org.openqa.selenium.remote.HttpCommandExecutor.execute(HttpCommandExecutor.java:162)
	at org.openqa.selenium.remote.TracedCommandExecutor.execute(TracedCommandExecutor.java:53)
	at org.openqa.selenium.remote.RemoteWebDriver.execute(RemoteWebDriver.java:545)
	at org.openqa.selenium.remote.RemoteWebDriver.startSession(RemoteWebDriver.java:245)
	at org.openqa.selenium.remote.RemoteWebDriver.<init>(RemoteWebDriver.java:174)
	at org.openqa.selenium.remote.RemoteWebDriver.<init>(RemoteWebDriver.java:152)
	at com.elpais.utils.DriverFactory.createRemoteDriver(DriverFactory.java:148)
	at com.elpais.utils.DriverFactory.getDriver(DriverFactory.java:86)
	at com.elpais.services.ArticleScrapingService.<init>(ArticleScrapingService.java:32)
	at com.elpais.steps.HomeSteps.openWebsiteInLanguage(HomeSteps.java:21)
	at com.elpais.steps.HomeSteps.openWebsiteInLanguageNumbered(HomeSteps.java:31)
	at java.base/jdk.internal.reflect.DirectMethodHandleAccessor.invoke(DirectMethodHandleAccessor.java:103)
	at java.base/java.lang.reflect.Method.invoke(Method.java:580)
	at io.cucumber.java.Invoker.doInvoke(Invoker.java:66)
	at io.cucumber.java.Invoker.invoke(Invoker.java:24)
	at io.cucumber.java.AbstractGlueDefinition.invokeMethod(AbstractGlueDefinition.java:47)
	at io.cucumber.java.JavaStepDefinition.execute(JavaStepDefinition.java:29)
	at io.cucumber.core.runner.CoreStepDefinition.execute(CoreStepDefinition.java:66)
	at io.cucumber.core.runner.PickleStepDefinitionMatch.runStep(PickleStepDefinitionMatch.java:63)
	at io.cucumber.core.runner.ExecutionMode$1.execute(ExecutionMode.java:10)
	at io.cucumber.core.runner.TestStep.executeStep(TestStep.java:81)
	at io.cucumber.core.runner.TestStep.run(TestStep.java:53)
	at io.cucumber.core.runner.PickleStepTestStep.run(PickleStepTestStep.java:51)
	at io.cucumber.core.runner.TestCase.run(TestCase.java:84)
	at io.cucumber.core.runner.Runner.runPickle(Runner.java:75)
	at io.cucumber.testng.TestNGCucumberRunner.lambda$runScenario$1(TestNGCucumberRunner.java:132)
	at io.cucumber.core.runtime.CucumberExecutionContext.lambda$runTestCase$5(CucumberExecutionContext.java:136)
	at io.cucumber.core.runtime.RethrowingThrowableCollector.executeAndThrow(RethrowingThrowableCollector.java:23)
	at io.cucumber.core.runtime.CucumberExecutionContext.runTestCase(CucumberExecutionContext.java:136)
	at io.cucumber.testng.TestNGCucumberRunner.runScenario(TestNGCucumberRunner.java:129)
	at io.cucumber.testng.AbstractTestNGCucumberTests.runScenario(AbstractTestNGCucumberTests.java:35)
	at java.base/jdk.internal.reflect.DirectMethodHandleAccessor.invoke(DirectMethodHandleAccessor.java:103)
	at java.base/java.lang.reflect.Method.invoke(Method.java:580)
	at org.testng.internal.invokers.MethodInvocationHelper.invokeMethod(MethodInvocationHelper.java:141)
	at org.testng.internal.invokers.TestInvoker.invokeMethod(TestInvoker.java:686)
	at org.testng.internal.invokers.TestInvoker.invokeTestMethod(TestInvoker.java:230)
	at org.testng.internal.invokers.TestMethodWithDataProviderMethodWorker.call(TestMethodWithDataProviderMethodWorker.java:81)
	at org.testng.internal.thread.Async$AsyncTask.run(Async.java:34)
	at java.base/java.util.concurrent.ThreadPoolExecutor.runWorker(ThreadPoolExecutor.java:1144)
	at java.base/java.util.concurrent.ThreadPoolExecutor$Worker.run(ThreadPoolExecutor.java:642)
	at java.base/java.lang.Thread.run(Thread.java:1583)
&amp#27;[0m
      &amp#27;[31morg.openqa.selenium.SessionNotCreatedException: Could not start a new session. Possible causes are invalid address of the remote server or browser start-up failure. 
Host info: host: 'DESKTOP-TD6O78B', ip: '192.168.29.31'
	at org.openqa.selenium.remote.RemoteWebDriver.execute(RemoteWebDriver.java:563)
	at org.openqa.selenium.remote.RemoteWebDriver.startSession(RemoteWebDriver.java:245)
	at org.openqa.selenium.remote.RemoteWebDriver.<init>(RemoteWebDriver.java:174)
	at org.openqa.selenium.remote.RemoteWebDriver.<init>(RemoteWebDriver.java:152)
	at com.elpais.utils.DriverFactory.createRemoteDriver(DriverFactory.java:148)
	at com.elpais.utils.DriverFactory.getDriver(DriverFactory.java:86)
	at com.elpais.services.ArticleScrapingService.<init>(ArticleScrapingService.java:32)
	at com.elpais.steps.HomeSteps.openWebsiteInLanguage(HomeSteps.java:21)
	at com.elpais.steps.HomeSteps.openWebsiteInLanguageNumbered(HomeSteps.java:31)
	at ✽.[Step 1] I open the "elpais.com" website in "es" language(file:///C:/Users/Pc/Downloads/ELPais/ELPais/src/test/resources/features/el_pais_scrape.feature:8)
Caused by: org.openqa.selenium.WebDriverException: Automate testing time expired.
Build info: version: '4.25.0', revision: '8a8aea2337'
System info: os.name: 'Windows 11', os.arch: 'amd64', os.version: '10.0', java.version: '21.0.7'
Driver info: driver.version: RemoteWebDriver
remote stacktrace: 
	at java.base/jdk.internal.reflect.DirectConstructorHandleAccessor.newInstance(DirectConstructorHandleAccessor.java:62)
	at java.base/java.lang.reflect.Constructor.newInstanceWithCaller(Constructor.java:502)
	at java.base/java.lang.reflect.Constructor.newInstance(Constructor.java:486)
	at org.openqa.selenium.remote.W3CHandshakeResponse.lambda$errorHandler$0(W3CHandshakeResponse.java:59)
	at org.openqa.selenium.remote.HandshakeResponse.lambda$getResponseFunction$0(HandshakeResponse.java:31)
	at org.openqa.selenium.remote.ProtocolHandshake.lambda$createSession$0(ProtocolHandshake.java:120)
	at java.base/java.util.stream.ReferencePipeline$3$1.accept(ReferencePipeline.java:197)
	at java.base/java.util.stream.Streams$StreamBuilderImpl.tryAdvance(Streams.java:397)
	at java.base/java.util.stream.ReferencePipeline.forEachWithCancel(ReferencePipeline.java:129)
	at java.base/java.util.stream.AbstractPipeline.copyIntoWithCancel(AbstractPipeline.java:527)
	at java.base/java.util.stream.AbstractPipeline.copyInto(AbstractPipeline.java:513)
	at java.base/java.util.stream.AbstractPipeline.wrapAndCopyInto(AbstractPipeline.java:499)
	at java.base/java.util.stream.FindOps$FindOp.evaluateSequential(FindOps.java:150)
	at java.base/java.util.stream.AbstractPipeline.evaluate(AbstractPipeline.java:234)
	at java.base/java.util.stream.ReferencePipeline.findFirst(ReferencePipeline.java:647)
	at org.openqa.selenium.remote.ProtocolHandshake.createSession(ProtocolHandshake.java:122)
	at org.openqa.selenium.remote.ProtocolHandshake.createSession(ProtocolHandshake.java:75)
	at org.openqa.selenium.remote.ProtocolHandshake.createSession(ProtocolHandshake.java:61)
	at org.openqa.selenium.remote.HttpCommandExecutor.execute(HttpCommandExecutor.java:162)
	at org.openqa.selenium.remote.TracedCommandExecutor.execute(TracedCommandExecutor.java:53)
	at org.openqa.selenium.remote.RemoteWebDriver.execute(RemoteWebDriver.java:545)
	at org.openqa.selenium.remote.RemoteWebDriver.startSession(RemoteWebDriver.java:245)
	at org.openqa.selenium.remote.RemoteWebDriver.<init>(RemoteWebDriver.java:174)
	at org.openqa.selenium.remote.RemoteWebDriver.<init>(RemoteWebDriver.java:152)
	at com.elpais.utils.DriverFactory.createRemoteDriver(DriverFactory.java:148)
	at com.elpais.utils.DriverFactory.getDriver(DriverFactory.java:86)
	at com.elpais.services.ArticleScrapingService.<init>(ArticleScrapingService.java:32)
	at com.elpais.steps.HomeSteps.openWebsiteInLanguage(HomeSteps.java:21)
	at com.elpais.steps.HomeSteps.openWebsiteInLanguageNumbered(HomeSteps.java:31)
	at java.base/jdk.internal.reflect.DirectMethodHandleAccessor.invoke(DirectMethodHandleAccessor.java:103)
	at java.base/java.lang.reflect.Method.invoke(Method.java:580)
	at io.cucumber.java.Invoker.doInvoke(Invoker.java:66)
	at io.cucumber.java.Invoker.invoke(Invoker.java:24)
	at io.cucumber.java.AbstractGlueDefinition.invokeMethod(AbstractGlueDefinition.java:47)
	at io.cucumber.java.JavaStepDefinition.execute(JavaStepDefinition.java:29)
	at io.cucumber.core.runner.CoreStepDefinition.execute(CoreStepDefinition.java:66)
	at io.cucumber.core.runner.PickleStepDefinitionMatch.runStep(PickleStepDefinitionMatch.java:63)
	at io.cucumber.core.runner.ExecutionMode$1.execute(ExecutionMode.java:10)
	at io.cucumber.core.runner.TestStep.executeStep(TestStep.java:81)
	at io.cucumber.core.runner.TestStep.run(TestStep.java:53)
	at io.cucumber.core.runner.PickleStepTestStep.run(PickleStepTestStep.java:51)
	at io.cucumber.core.runner.TestCase.run(TestCase.java:84)
	at io.cucumber.core.runner.Runner.runPickle(Runner.java:75)
	at io.cucumber.testng.TestNGCucumberRunner.lambda$runScenario$1(TestNGCucumberRunner.java:132)
	at io.cucumber.core.runtime.CucumberExecutionContext.lambda$runTestCase$5(CucumberExecutionContext.java:136)
	at io.cucumber.core.runtime.RethrowingThrowableCollector.executeAndThrow(RethrowingThrowableCollector.java:23)
	at io.cucumber.core.runtime.CucumberExecutionContext.runTestCase(CucumberExecutionContext.java:136)
	at io.cucumber.testng.TestNGCucumberRunner.runScenario(TestNGCucumberRunner.java:129)
	at io.cucumber.testng.AbstractTestNGCucumberTests.runScenario(AbstractTestNGCucumberTests.java:35)
	at java.base/jdk.internal.reflect.DirectMethodHandleAccessor.invoke(DirectMethodHandleAccessor.java:103)
	at java.base/java.lang.reflect.Method.invoke(Method.java:580)
	at org.testng.internal.invokers.MethodInvocationHelper.invokeMethod(MethodInvocationHelper.java:141)
	at org.testng.internal.invokers.TestInvoker.invokeMethod(TestInvoker.java:686)
	at org.testng.internal.invokers.TestInvoker.invokeTestMethod(TestInvoker.java:230)
	at org.testng.internal.invokers.TestMethodWithDataProviderMethodWorker.call(TestMethodWithDataProviderMethodWorker.java:81)
	at org.testng.internal.thread.Async$AsyncTask.run(Async.java:34)
	at java.base/java.util.concurrent.ThreadPoolExecutor.runWorker(ThreadPoolExecutor.java:1144)
	at java.base/java.util.concurrent.ThreadPoolExecutor$Worker.run(ThreadPoolExecutor.java:642)
	at java.base/java.lang.Thread.run(Thread.java:1583)
&amp#27;[0m
  &amp#27;[36mWhen &amp#27;[0m&amp#27;[36m[Step &amp#27;[0m&amp#27;[36m&amp#27;[1m2&amp#27;[0m&amp#27;[36m] I navigate to the "&amp#27;[0m&amp#27;[36m&amp#27;[1mOpinión&amp#27;[0m&amp#27;[36m" section&amp#27;[0m                                                                                                  &amp#27;[90m# com.elpais.steps.HomeSteps.navigateToSectionNumbered(int,java.lang.String)&amp#27;[0m
  &amp#27;[36mWhen &amp#27;[0m&amp#27;[36m[Step &amp#27;[0m&amp#27;[36m&amp#27;[1m2&amp#27;[0m&amp#27;[36m] I navigate to the "&amp#27;[0m&amp#27;[36m&amp#27;[1mOpinión&amp#27;[0m&amp#27;[36m" section&amp#27;[0m                                                                                                  &amp#27;[90m# com.elpais.steps.HomeSteps.navigateToSectionNumbered(int,java.lang.String)&amp#27;[0m
  &amp#27;[36mAnd &amp#27;[0m&amp#27;[36m[Step &amp#27;[0m&amp#27;[36m&amp#27;[1m3&amp#27;[0m&amp#27;[36m] I scrape the first &amp#27;[0m&amp#27;[36m&amp#27;[1m5&amp#27;[0m&amp#27;[36m articles with titles, content, and cover images into "&amp#27;[0m&amp#27;[36m&amp#27;[1moutput/images&amp#27;[0m&amp#27;[36m" images and "&amp#27;[0m&amp#27;[36m&amp#27;[1moutput/screenshots&amp#27;[0m&amp#27;[36m" screenshots&amp#27;[0m &amp#27;[90m# com.elpais.steps.OpinionSteps.scrapeArticlesNumbered(int,int,java.lang.String,java.lang.String)&amp#27;[0m
  &amp#27;[36mAnd &amp#27;[0m&amp#27;[36m[Step &amp#27;[0m&amp#27;[36m&amp#27;[1m3&amp#27;[0m&amp#27;[36m] I scrape the first &amp#27;[0m&amp#27;[36m&amp#27;[1m5&amp#27;[0m&amp#27;[36m articles with titles, content, and cover images into "&amp#27;[0m&amp#27;[36m&amp#27;[1moutput/images&amp#27;[0m&amp#27;[36m" images and "&amp#27;[0m&amp#27;[36m&amp#27;[1moutput/screenshots&amp#27;[0m&amp#27;[36m" screenshots&amp#27;[0m &amp#27;[90m# com.elpais.steps.OpinionSteps.scrapeArticlesNumbered(int,int,java.lang.String,java.lang.String)&amp#27;[0m
  &amp#27;[36mWhen &amp#27;[0m&amp#27;[36m[Step &amp#27;[0m&amp#27;[36m&amp#27;[1m2&amp#27;[0m&amp#27;[36m] I navigate to the "&amp#27;[0m&amp#27;[36m&amp#27;[1mOpinión&amp#27;[0m&amp#27;[36m" section&amp#27;[0m                                                                                                  &amp#27;[90m# com.elpais.steps.HomeSteps.navigateToSectionNumbered(int,java.lang.String)&amp#27;[0m
  &amp#27;[36mAnd &amp#27;[0m&amp#27;[36m[Step &amp#27;[0m&amp#27;[36m&amp#27;[1m3&amp#27;[0m&amp#27;[36m] I scrape the first &amp#27;[0m&amp#27;[36m&amp#27;[1m5&amp#27;[0m&amp#27;[36m articles with titles, content, and cover images into "&amp#27;[0m&amp#27;[36m&amp#27;[1moutput/images&amp#27;[0m&amp#27;[36m" images and "&amp#27;[0m&amp#27;[36m&amp#27;[1moutput/screenshots&amp#27;[0m&amp#27;[36m" screenshots&amp#27;[0m &amp#27;[90m# com.elpais.steps.OpinionSteps.scrapeArticlesNumbered(int,int,java.lang.String,java.lang.String)&amp#27;[0m
  &amp#27;[36mAnd &amp#27;[0m&amp#27;[36m[Step &amp#27;[0m&amp#27;[36m&amp#27;[1m4&amp#27;[0m&amp#27;[36m] I translate each article title from "&amp#27;[0m&amp#27;[36m&amp#27;[1mes&amp#27;[0m&amp#27;[36m" to "&amp#27;[0m&amp#27;[36m&amp#27;[1men&amp#27;[0m&amp#27;[36m"&amp#27;[0m                                                                                      &amp#27;[90m# com.elpais.steps.TranslationAnalysisSteps.translateTitlesNumbered(int,java.lang.String,java.lang.String)&amp#27;[0m
  &amp#27;[36mWhen &amp#27;[0m&amp#27;[36m[Step &amp#27;[0m&amp#27;[36m&amp#27;[1m2&amp#27;[0m&amp#27;[36m] I navigate to the "&amp#27;[0m&amp#27;[36m&amp#27;[1mOpinión&amp#27;[0m&amp#27;[36m" section&amp#27;[0m                                                                                                  &amp#27;[90m# com.elpais.steps.HomeSteps.navigateToSectionNumbered(int,java.lang.String)&amp#27;[0m
  &amp#27;[36mAnd &amp#27;[0m&amp#27;[36m[Step &amp#27;[0m&amp#27;[36m&amp#27;[1m4&amp#27;[0m&amp#27;[36m] I translate each article title from "&amp#27;[0m&amp#27;[36m&amp#27;[1mes&amp#27;[0m&amp#27;[36m" to "&amp#27;[0m&amp#27;[36m&amp#27;[1men&amp#27;[0m&amp#27;[36m"&amp#27;[0m                                                                                      &amp#27;[90m# com.elpais.steps.TranslationAnalysisSteps.translateTitlesNumbered(int,java.lang.String,java.lang.String)&amp#27;[0m
  &amp#27;[36mAnd &amp#27;[0m&amp#27;[36m[Step &amp#27;[0m&amp#27;[36m&amp#27;[1m5&amp#27;[0m&amp#27;[36m] I log the article scraping summary with first &amp#27;[0m&amp#27;[36m&amp#27;[1m300&amp#27;[0m&amp#27;[36m characters&amp#27;[0m                                                                          &amp#27;[90m# com.elpais.steps.DiagnosticsSteps.logArticleSummaryNumbered(int,int)&amp#27;[0m
  &amp#27;[36mAnd &amp#27;[0m&amp#27;[36m[Step &amp#27;[0m&amp#27;[36m&amp#27;[1m5&amp#27;[0m&amp#27;[36m] I log the article scraping summary with first &amp#27;[0m&amp#27;[36m&amp#27;[1m300&amp#27;[0m&amp#27;[36m characters&amp#27;[0m                                                                          &amp#27;[90m# com.elpais.steps.DiagnosticsSteps.logArticleSummaryNumbered(int,int)&amp#27;[0m
  &amp#27;[36mAnd &amp#27;[0m&amp#27;[36m[Step &amp#27;[0m&amp#27;[36m&amp#27;[1m6&amp#27;[0m&amp#27;[36m] I capture a diagnostic snapshot&amp#27;[0m                                                                                                       &amp#27;[90m# com.elpais.steps.DiagnosticsSteps.captureDiagnosticSnapshotNumbered(int)&amp#27;[0m
  &amp#27;[36mAnd &amp#27;[0m&amp#27;[36m[Step &amp#27;[0m&amp#27;[36m&amp#27;[1m3&amp#27;[0m&amp#27;[36m] I scrape the first &amp#27;[0m&amp#27;[36m&amp#27;[1m5&amp#27;[0m&amp#27;[36m articles with titles, content, and cover images into "&amp#27;[0m&amp#27;[36m&amp#27;[1moutput/images&amp#27;[0m&amp#27;[36m" images and "&amp#27;[0m&amp#27;[36m&amp#27;[1moutput/screenshots&amp#27;[0m&amp#27;[36m" screenshots&amp#27;[0m &amp#27;[90m# com.elpais.steps.OpinionSteps.scrapeArticlesNumbered(int,int,java.lang.String,java.lang.String)&amp#27;[0m
  &amp#27;[36mAnd &amp#27;[0m&amp#27;[36m[Step &amp#27;[0m&amp#27;[36m&amp#27;[1m4&amp#27;[0m&amp#27;[36m] I translate each article title from "&amp#27;[0m&amp#27;[36m&amp#27;[1mes&amp#27;[0m&amp#27;[36m" to "&amp#27;[0m&amp#27;[36m&amp#27;[1men&amp#27;[0m&amp#27;[36m"&amp#27;[0m                                                                                      &amp#27;[90m# com.elpais.steps.TranslationAnalysisSteps.translateTitlesNumbered(int,java.lang.String,java.lang.String)&amp#27;[0m
  &amp#27;[36mAnd &amp#27;[0m&amp#27;[36m[Step &amp#27;[0m&amp#27;[36m&amp#27;[1m6&amp#27;[0m&amp#27;[36m] I capture a diagnostic snapshot&amp#27;[0m                                                                                                       &amp#27;[90m# com.elpais.steps.DiagnosticsSteps.captureDiagnosticSnapshotNumbered(int)&amp#27;[0m
  &amp#27;[36mAnd &amp#27;[0m&amp#27;[36m[Step &amp#27;[0m&amp#27;[36m&amp#27;[1m7&amp#27;[0m&amp#27;[36m] I log the article scraping summary&amp#27;[0m                                                                                                    &amp#27;[90m# com.elpais.steps.DiagnosticsSteps.logArticleSummaryNoArgNumbered(int)&amp#27;[0m
  &amp#27;[36mAnd &amp#27;[0m&amp#27;[36m[Step &amp#27;[0m&amp#27;[36m&amp#27;[1m4&amp#27;[0m&amp#27;[36m] I translate each article title from "&amp#27;[0m&amp#27;[36m&amp#27;[1mes&amp#27;[0m&amp#27;[36m" to "&amp#27;[0m&amp#27;[36m&amp#27;[1men&amp#27;[0m&amp#27;[36m"&amp#27;[0m                                                                                      &amp#27;[90m# com.elpais.steps.TranslationAnalysisSteps.translateTitlesNumbered(int,java.lang.String,java.lang.String)&amp#27;[0m
  &amp#27;[36mAnd &amp#27;[0m&amp#27;[36m[Step &amp#27;[0m&amp#27;[36m&amp#27;[1m7&amp#27;[0m&amp#27;[36m] I log the article scraping summary&amp#27;[0m                                                                                                    &amp#27;[90m# com.elpais.steps.DiagnosticsSteps.logArticleSummaryNoArgNumbered(int)&amp#27;[0m
  &amp#27;[36mThen &amp#27;[0m&amp#27;[36m[Step &amp#27;[0m&amp#27;[36m&amp#27;[1m8&amp#27;[0m&amp#27;[36m] I print translated titles and words repeated more than &amp#27;[0m&amp#27;[36m&amp#27;[1m2&amp#27;[0m&amp#27;[36m times&amp#27;[0m                                                                       &amp#27;[90m# com.elpais.steps.TranslationAnalysisSteps.printRepeatedWordsNumbered(int,int)&amp#27;[0m
  &amp#27;[36mThen &amp#27;[0m&amp#27;[36m[Step &amp#27;[0m&amp#27;[36m&amp#27;[1m8&amp#27;[0m&amp#27;[36m] I print translated titles and words repeated more than &amp#27;[0m&amp#27;[36m&amp#27;[1m2&amp#27;[0m&amp#27;[36m times&amp#27;[0m                                                                       &amp#27;[90m# com.elpais.steps.TranslationAnalysisSteps.printRepeatedWordsNumbered(int,int)&amp#27;[0m
  &amp#27;[36mAnd &amp#27;[0m&amp#27;[36m[Step &amp#27;[0m&amp#27;[36m&amp#27;[1m9&amp#27;[0m&amp#27;[36m] I close the &amp#27;[0m&amp#27;[36m&amp#27;[1m"chrome"&amp#27;[0m&amp#27;[36m browser&amp#27;[0m                                                                                                          &amp#27;[90m# com.elpais.steps.HomeSteps.closeBrowser(java.lang.Integer,java.lang.String)&amp#27;[0m
  &amp#27;[36mAnd &amp#27;[0m&amp#27;[36m[Step &amp#27;[0m&amp#27;[36m&amp#27;[1m5&amp#27;[0m&amp#27;[36m] I log the article scraping summary with first &amp#27;[0m&amp#27;[36m&amp#27;[1m300&amp#27;[0m&amp#27;[36m characters&amp#27;[0m                                                                          &amp#27;[90m# com.elpais.steps.DiagnosticsSteps.logArticleSummaryNumbered(int,int)&amp#27;[0m
  &amp#27;[36mAnd &amp#27;[0m&amp#27;[36m[Step &amp#27;[0m&amp#27;[36m&amp#27;[1m5&amp#27;[0m&amp#27;[36m] I log the article scraping summary with first &amp#27;[0m&amp#27;[36m&amp#27;[1m300&amp#27;[0m&amp#27;[36m characters&amp#27;[0m                                                                          &amp#27;[90m# com.elpais.steps.DiagnosticsSteps.logArticleSummaryNumbered(int,int)&amp#27;[0m
  &amp#27;[36mAnd &amp#27;[0m&amp#27;[36m[Step &amp#27;[0m&amp#27;[36m&amp#27;[1m6&amp#27;[0m&amp#27;[36m] I capture a diagnostic snapshot&amp#27;[0m                                                                                                       &amp#27;[90m# com.elpais.steps.DiagnosticsSteps.captureDiagnosticSnapshotNumbered(int)&amp#27;[0m
  &amp#27;[36mAnd &amp#27;[0m&amp#27;[36m[Step &amp#27;[0m&amp#27;[36m&amp#27;[1m6&amp#27;[0m&amp#27;[36m] I capture a diagnostic snapshot&amp#27;[0m                                                                                                       &amp#27;[90m# com.elpais.steps.DiagnosticsSteps.captureDiagnosticSnapshotNumbered(int)&amp#27;[0m
  &amp#27;[36mAnd &amp#27;[0m&amp#27;[36m[Step &amp#27;[0m&amp#27;[36m&amp#27;[1m9&amp#27;[0m&amp#27;[36m] I close the &amp#27;[0m&amp#27;[36m&amp#27;[1m"chrome"&amp#27;[0m&amp#27;[36m browser&amp#27;[0m                                                                                                          &amp#27;[90m# com.elpais.steps.HomeSteps.closeBrowser(java.lang.Integer,java.lang.String)&amp#27;[0m
  &amp#27;[36mAnd &amp#27;[0m&amp#27;[36m[Step &amp#27;[0m&amp#27;[36m&amp#27;[1m7&amp#27;[0m&amp#27;[36m] I log the article scraping summary&amp#27;[0m                                                                                                    &amp#27;[90m# com.elpais.steps.DiagnosticsSteps.logArticleSummaryNoArgNumbered(int)&amp#27;[0m
  &amp#27;[36mAnd &amp#27;[0m&amp#27;[36m[Step &amp#27;[0m&amp#27;[36m&amp#27;[1m7&amp#27;[0m&amp#27;[36m] I log the article scraping summary&amp#27;[0m                                                                                                    &amp#27;[90m# com.elpais.steps.DiagnosticsSteps.logArticleSummaryNoArgNumbered(int)&amp#27;[0m
  &amp#27;[36mThen &amp#27;[0m&amp#27;[36m[Step &amp#27;[0m&amp#27;[36m&amp#27;[1m8&amp#27;[0m&amp#27;[36m] I print translated titles and words repeated more than &amp#27;[0m&amp#27;[36m&amp#27;[1m2&amp#27;[0m&amp#27;[36m times&amp#27;[0m                                                                       &amp#27;[90m# com.elpais.steps.TranslationAnalysisSteps.printRepeatedWordsNumbered(int,int)&amp#27;[0m
  &amp#27;[36mThen &amp#27;[0m&amp#27;[36m[Step &amp#27;[0m&amp#27;[36m&amp#27;[1m8&amp#27;[0m&amp#27;[36m] I print translated titles and words repeated more than &amp#27;[0m&amp#27;[36m&amp#27;[1m2&amp#27;[0m&amp#27;[36m times&amp#27;[0m                                                                       &amp#27;[90m# com.elpais.steps.TranslationAnalysisSteps.printRepeatedWordsNumbered(int,int)&amp#27;[0m
  &amp#27;[36mAnd &amp#27;[0m&amp#27;[36m[Step &amp#27;[0m&amp#27;[36m&amp#27;[1m9&amp#27;[0m&amp#27;[36m] I close the &amp#27;[0m&amp#27;[36m&amp#27;[1m"chrome"&amp#27;[0m&amp#27;[36m browser&amp#27;[0m                                                                                                          &amp#27;[90m# com.elpais.steps.HomeSteps.closeBrowser(java.lang.Integer,java.lang.String)&amp#27;[0m
  &amp#27;[36mAnd &amp#27;[0m&amp#27;[36m[Step &amp#27;[0m&amp#27;[36m&amp#27;[1m9&amp#27;[0m&amp#27;[36m] I close the &amp#27;[0m&amp#27;[36m&amp#27;[1m"chrome"&amp#27;[0m&amp#27;[36m browser&amp#27;[0m                                                                                                          &amp#27;[90m# com.elpais.steps.HomeSteps.closeBrowser(java.lang.Integer,java.lang.String)&amp#27;[0m
]]></system-out>
    <system-err><![CDATA[[TestNG-PoolService-1] INFO com.elpais.utils.DriverFactory - Connecting to BrowserStack hub https://rasmiranjandash_ibBsth:QdywxBfmSRqiJvkrpyGz@hub.browserstack.com/wd/hub with capabilities {browserVersion=latest, browserName=Safari, bstack:options={osVersion=Sonoma, os=OS X, sessionName=Safari macOS, buildName=ElPais BDD}}
[TestNG-PoolService-1] INFO com.elpais.utils.DriverFactory - Connecting to BrowserStack hub https://rasmiranjandash_ibBsth:QdywxBfmSRqiJvkrpyGz@hub.browserstack.com/wd/hub with capabilities {browserName=Android, bstack:options={deviceName=Samsung Galaxy S23, realMobile=true, osVersion=13.0, buildName=ElPais BDD, sessionName=Galaxy S23 Chrome}}
[TestNG-PoolService-1] INFO com.elpais.utils.DriverFactory - Connecting to BrowserStack hub https://rasmiranjandash_ibBsth:QdywxBfmSRqiJvkrpyGz@hub.browserstack.com/wd/hub with capabilities {browserName=iPhone, bstack:options={deviceName=iPhone 15, realMobile=true, osVersion=17, buildName=ElPais BDD, sessionName=iPhone 15 Safari}}
[TestNG-PoolService-1] INFO com.elpais.utils.DriverFactory - Connecting to BrowserStack hub https://rasmiranjandash_ibBsth:QdywxBfmSRqiJvkrpyGz@hub.browserstack.com/wd/hub with capabilities {browserVersion=latest, browserName=Firefox, bstack:options={osVersion=11, os=Windows, sessionName=Firefox Win11, buildName=ElPais BDD}}
[TestNG-PoolService-1] INFO com.elpais.utils.DriverFactory - Connecting to BrowserStack hub https://rasmiranjandash_ibBsth:QdywxBfmSRqiJvkrpyGz@hub.browserstack.com/wd/hub with capabilities {browserVersion=latest, browserName=Chrome, bstack:options={osVersion=11, os=Windows, sessionName=Chrome Win11, buildName=ElPais BDD}}
Nov 14, 2025 4:19:23 PM org.openqa.selenium.remote.tracing.opentelemetry.OpenTelemetryTracer createTracer
INFO: Using OpenTelemetry for tracing
]]></system-err>
  </testcase>
  <testcase name="runScenario[&quot;Scrape 5 articles from Opinión, translate es -&gt; en, analyze repeated words &gt;= 2&quot;, &quot;Scrape and analyze El País Opinión articles&quot;](1)" classname="com.elpais.runners.CucumberTestRunner" time="2.107">
    <failure message="Could not start a new session. Possible causes are invalid address of the remote server or browser start-up failure. &#10;Host info: host: &apos;DESKTOP-TD6O78B&apos;, ip: &apos;192.168.29.31&apos;" type="org.openqa.selenium.SessionNotCreatedException"><![CDATA[org.openqa.selenium.SessionNotCreatedException: 
Could not start a new session. Possible causes are invalid address of the remote server or browser start-up failure. 
Host info: host: 'DESKTOP-TD6O78B', ip: '192.168.29.31'
	at org.openqa.selenium.remote.RemoteWebDriver.execute(RemoteWebDriver.java:563)
	at org.openqa.selenium.remote.RemoteWebDriver.startSession(RemoteWebDriver.java:245)
	at org.openqa.selenium.remote.RemoteWebDriver.<init>(RemoteWebDriver.java:174)
	at org.openqa.selenium.remote.RemoteWebDriver.<init>(RemoteWebDriver.java:152)
	at com.elpais.utils.DriverFactory.createRemoteDriver(DriverFactory.java:148)
	at com.elpais.utils.DriverFactory.getDriver(DriverFactory.java:86)
	at com.elpais.services.ArticleScrapingService.<init>(ArticleScrapingService.java:32)
	at com.elpais.steps.HomeSteps.openWebsiteInLanguage(HomeSteps.java:21)
	at com.elpais.steps.HomeSteps.openWebsiteInLanguageNumbered(HomeSteps.java:31)
	at ✽.[Step 1] I open the "elpais.com" website in "es" language(file:///C:/Users/Pc/Downloads/ELPais/ELPais/src/test/resources/features/el_pais_scrape.feature:8)
Caused by: org.openqa.selenium.WebDriverException: Automate testing time expired.
Build info: version: '4.25.0', revision: '8a8aea2337'
System info: os.name: 'Windows 11', os.arch: 'amd64', os.version: '10.0', java.version: '21.0.7'
Driver info: driver.version: RemoteWebDriver
remote stacktrace: 
	at java.base/jdk.internal.reflect.DirectConstructorHandleAccessor.newInstance(DirectConstructorHandleAccessor.java:62)
	at java.base/java.lang.reflect.Constructor.newInstanceWithCaller(Constructor.java:502)
	at java.base/java.lang.reflect.Constructor.newInstance(Constructor.java:486)
	at org.openqa.selenium.remote.W3CHandshakeResponse.lambda$errorHandler$0(W3CHandshakeResponse.java:59)
	at org.openqa.selenium.remote.HandshakeResponse.lambda$getResponseFunction$0(HandshakeResponse.java:31)
	at org.openqa.selenium.remote.ProtocolHandshake.lambda$createSession$0(ProtocolHandshake.java:120)
	at java.base/java.util.stream.ReferencePipeline$3$1.accept(ReferencePipeline.java:197)
	at java.base/java.util.stream.Streams$StreamBuilderImpl.tryAdvance(Streams.java:397)
	at java.base/java.util.stream.ReferencePipeline.forEachWithCancel(ReferencePipeline.java:129)
	at java.base/java.util.stream.AbstractPipeline.copyIntoWithCancel(AbstractPipeline.java:527)
	at java.base/java.util.stream.AbstractPipeline.copyInto(AbstractPipeline.java:513)
	at java.base/java.util.stream.AbstractPipeline.wrapAndCopyInto(AbstractPipeline.java:499)
	at java.base/java.util.stream.FindOps$FindOp.evaluateSequential(FindOps.java:150)
	at java.base/java.util.stream.AbstractPipeline.evaluate(AbstractPipeline.java:234)
	at java.base/java.util.stream.ReferencePipeline.findFirst(ReferencePipeline.java:647)
	at org.openqa.selenium.remote.ProtocolHandshake.createSession(ProtocolHandshake.java:122)
	at org.openqa.selenium.remote.ProtocolHandshake.createSession(ProtocolHandshake.java:75)
	at org.openqa.selenium.remote.ProtocolHandshake.createSession(ProtocolHandshake.java:61)
	at org.openqa.selenium.remote.HttpCommandExecutor.execute(HttpCommandExecutor.java:162)
	at org.openqa.selenium.remote.TracedCommandExecutor.execute(TracedCommandExecutor.java:53)
	at org.openqa.selenium.remote.RemoteWebDriver.execute(RemoteWebDriver.java:545)
	at org.openqa.selenium.remote.RemoteWebDriver.startSession(RemoteWebDriver.java:245)
	at org.openqa.selenium.remote.RemoteWebDriver.<init>(RemoteWebDriver.java:174)
	at org.openqa.selenium.remote.RemoteWebDriver.<init>(RemoteWebDriver.java:152)
	at com.elpais.utils.DriverFactory.createRemoteDriver(DriverFactory.java:148)
	at com.elpais.utils.DriverFactory.getDriver(DriverFactory.java:86)
	at com.elpais.services.ArticleScrapingService.<init>(ArticleScrapingService.java:32)
	at com.elpais.steps.HomeSteps.openWebsiteInLanguage(HomeSteps.java:21)
	at com.elpais.steps.HomeSteps.openWebsiteInLanguageNumbered(HomeSteps.java:31)
	at java.base/jdk.internal.reflect.DirectMethodHandleAccessor.invoke(DirectMethodHandleAccessor.java:103)
	at java.base/java.lang.reflect.Method.invoke(Method.java:580)
	at io.cucumber.java.Invoker.doInvoke(Invoker.java:66)
	at io.cucumber.java.Invoker.invoke(Invoker.java:24)
	at io.cucumber.java.AbstractGlueDefinition.invokeMethod(AbstractGlueDefinition.java:47)
	at io.cucumber.java.JavaStepDefinition.execute(JavaStepDefinition.java:29)
	at io.cucumber.core.runner.CoreStepDefinition.execute(CoreStepDefinition.java:66)
	at io.cucumber.core.runner.PickleStepDefinitionMatch.runStep(PickleStepDefinitionMatch.java:63)
	at io.cucumber.core.runner.ExecutionMode$1.execute(ExecutionMode.java:10)
	at io.cucumber.core.runner.TestStep.executeStep(TestStep.java:81)
	at io.cucumber.core.runner.TestStep.run(TestStep.java:53)
	at io.cucumber.core.runner.PickleStepTestStep.run(PickleStepTestStep.java:51)
	at io.cucumber.core.runner.TestCase.run(TestCase.java:84)
	at io.cucumber.core.runner.Runner.runPickle(Runner.java:75)
	at io.cucumber.testng.TestNGCucumberRunner.lambda$runScenario$1(TestNGCucumberRunner.java:132)
	at io.cucumber.core.runtime.CucumberExecutionContext.lambda$runTestCase$5(CucumberExecutionContext.java:136)
	at io.cucumber.core.runtime.RethrowingThrowableCollector.executeAndThrow(RethrowingThrowableCollector.java:23)
	at io.cucumber.core.runtime.CucumberExecutionContext.runTestCase(CucumberExecutionContext.java:136)
	at io.cucumber.testng.TestNGCucumberRunner.runScenario(TestNGCucumberRunner.java:129)
	at io.cucumber.testng.AbstractTestNGCucumberTests.runScenario(AbstractTestNGCucumberTests.java:35)
	at java.base/jdk.internal.reflect.DirectMethodHandleAccessor.invoke(DirectMethodHandleAccessor.java:103)
	at java.base/java.lang.reflect.Method.invoke(Method.java:580)
	at org.testng.internal.invokers.MethodInvocationHelper.invokeMethod(MethodInvocationHelper.java:141)
	at org.testng.internal.invokers.TestInvoker.invokeMethod(TestInvoker.java:686)
	at org.testng.internal.invokers.TestInvoker.invokeTestMethod(TestInvoker.java:230)
	at org.testng.internal.invokers.TestMethodWithDataProviderMethodWorker.call(TestMethodWithDataProviderMethodWorker.java:81)
	at org.testng.internal.thread.Async$AsyncTask.run(Async.java:34)
	at java.base/java.util.concurrent.ThreadPoolExecutor.runWorker(ThreadPoolExecutor.java:1144)
	at java.base/java.util.concurrent.ThreadPoolExecutor$Worker.run(ThreadPoolExecutor.java:642)
	at java.base/java.lang.Thread.run(Thread.java:1583)
]]></failure>
  </testcase>
  <testcase name="runScenario[&quot;Scrape 5 articles from Opinión, translate es -&gt; en, analyze repeated words &gt;= 2&quot;, &quot;Scrape and analyze El País Opinión articles&quot;](1)" classname="com.elpais.runners.CucumberTestRunner" time="2.107">
    <failure message="Could not start a new session. Possible causes are invalid address of the remote server or browser start-up failure. &#10;Host info: host: &apos;DESKTOP-TD6O78B&apos;, ip: &apos;192.168.29.31&apos;" type="org.openqa.selenium.SessionNotCreatedException"><![CDATA[org.openqa.selenium.SessionNotCreatedException: 
Could not start a new session. Possible causes are invalid address of the remote server or browser start-up failure. 
Host info: host: 'DESKTOP-TD6O78B', ip: '192.168.29.31'
	at org.openqa.selenium.remote.RemoteWebDriver.execute(RemoteWebDriver.java:563)
	at org.openqa.selenium.remote.RemoteWebDriver.startSession(RemoteWebDriver.java:245)
	at org.openqa.selenium.remote.RemoteWebDriver.<init>(RemoteWebDriver.java:174)
	at org.openqa.selenium.remote.RemoteWebDriver.<init>(RemoteWebDriver.java:152)
	at com.elpais.utils.DriverFactory.createRemoteDriver(DriverFactory.java:148)
	at com.elpais.utils.DriverFactory.getDriver(DriverFactory.java:86)
	at com.elpais.services.ArticleScrapingService.<init>(ArticleScrapingService.java:32)
	at com.elpais.steps.HomeSteps.openWebsiteInLanguage(HomeSteps.java:21)
	at com.elpais.steps.HomeSteps.openWebsiteInLanguageNumbered(HomeSteps.java:31)
	at ✽.[Step 1] I open the "elpais.com" website in "es" language(file:///C:/Users/Pc/Downloads/ELPais/ELPais/src/test/resources/features/el_pais_scrape.feature:8)
Caused by: org.openqa.selenium.WebDriverException: Automate testing time expired.
Build info: version: '4.25.0', revision: '8a8aea2337'
System info: os.name: 'Windows 11', os.arch: 'amd64', os.version: '10.0', java.version: '21.0.7'
Driver info: driver.version: RemoteWebDriver
remote stacktrace: 
	at java.base/jdk.internal.reflect.DirectConstructorHandleAccessor.newInstance(DirectConstructorHandleAccessor.java:62)
	at java.base/java.lang.reflect.Constructor.newInstanceWithCaller(Constructor.java:502)
	at java.base/java.lang.reflect.Constructor.newInstance(Constructor.java:486)
	at org.openqa.selenium.remote.W3CHandshakeResponse.lambda$errorHandler$0(W3CHandshakeResponse.java:59)
	at org.openqa.selenium.remote.HandshakeResponse.lambda$getResponseFunction$0(HandshakeResponse.java:31)
	at org.openqa.selenium.remote.ProtocolHandshake.lambda$createSession$0(ProtocolHandshake.java:120)
	at java.base/java.util.stream.ReferencePipeline$3$1.accept(ReferencePipeline.java:197)
	at java.base/java.util.stream.Streams$StreamBuilderImpl.tryAdvance(Streams.java:397)
	at java.base/java.util.stream.ReferencePipeline.forEachWithCancel(ReferencePipeline.java:129)
	at java.base/java.util.stream.AbstractPipeline.copyIntoWithCancel(AbstractPipeline.java:527)
	at java.base/java.util.stream.AbstractPipeline.copyInto(AbstractPipeline.java:513)
	at java.base/java.util.stream.AbstractPipeline.wrapAndCopyInto(AbstractPipeline.java:499)
	at java.base/java.util.stream.FindOps$FindOp.evaluateSequential(FindOps.java:150)
	at java.base/java.util.stream.AbstractPipeline.evaluate(AbstractPipeline.java:234)
	at java.base/java.util.stream.ReferencePipeline.findFirst(ReferencePipeline.java:647)
	at org.openqa.selenium.remote.ProtocolHandshake.createSession(ProtocolHandshake.java:122)
	at org.openqa.selenium.remote.ProtocolHandshake.createSession(ProtocolHandshake.java:75)
	at org.openqa.selenium.remote.ProtocolHandshake.createSession(ProtocolHandshake.java:61)
	at org.openqa.selenium.remote.HttpCommandExecutor.execute(HttpCommandExecutor.java:162)
	at org.openqa.selenium.remote.TracedCommandExecutor.execute(TracedCommandExecutor.java:53)
	at org.openqa.selenium.remote.RemoteWebDriver.execute(RemoteWebDriver.java:545)
	at org.openqa.selenium.remote.RemoteWebDriver.startSession(RemoteWebDriver.java:245)
	at org.openqa.selenium.remote.RemoteWebDriver.<init>(RemoteWebDriver.java:174)
	at org.openqa.selenium.remote.RemoteWebDriver.<init>(RemoteWebDriver.java:152)
	at com.elpais.utils.DriverFactory.createRemoteDriver(DriverFactory.java:148)
	at com.elpais.utils.DriverFactory.getDriver(DriverFactory.java:86)
	at com.elpais.services.ArticleScrapingService.<init>(ArticleScrapingService.java:32)
	at com.elpais.steps.HomeSteps.openWebsiteInLanguage(HomeSteps.java:21)
	at com.elpais.steps.HomeSteps.openWebsiteInLanguageNumbered(HomeSteps.java:31)
	at java.base/jdk.internal.reflect.DirectMethodHandleAccessor.invoke(DirectMethodHandleAccessor.java:103)
	at java.base/java.lang.reflect.Method.invoke(Method.java:580)
	at io.cucumber.java.Invoker.doInvoke(Invoker.java:66)
	at io.cucumber.java.Invoker.invoke(Invoker.java:24)
	at io.cucumber.java.AbstractGlueDefinition.invokeMethod(AbstractGlueDefinition.java:47)
	at io.cucumber.java.JavaStepDefinition.execute(JavaStepDefinition.java:29)
	at io.cucumber.core.runner.CoreStepDefinition.execute(CoreStepDefinition.java:66)
	at io.cucumber.core.runner.PickleStepDefinitionMatch.runStep(PickleStepDefinitionMatch.java:63)
	at io.cucumber.core.runner.ExecutionMode$1.execute(ExecutionMode.java:10)
	at io.cucumber.core.runner.TestStep.executeStep(TestStep.java:81)
	at io.cucumber.core.runner.TestStep.run(TestStep.java:53)
	at io.cucumber.core.runner.PickleStepTestStep.run(PickleStepTestStep.java:51)
	at io.cucumber.core.runner.TestCase.run(TestCase.java:84)
	at io.cucumber.core.runner.Runner.runPickle(Runner.java:75)
	at io.cucumber.testng.TestNGCucumberRunner.lambda$runScenario$1(TestNGCucumberRunner.java:132)
	at io.cucumber.core.runtime.CucumberExecutionContext.lambda$runTestCase$5(CucumberExecutionContext.java:136)
	at io.cucumber.core.runtime.RethrowingThrowableCollector.executeAndThrow(RethrowingThrowableCollector.java:23)
	at io.cucumber.core.runtime.CucumberExecutionContext.runTestCase(CucumberExecutionContext.java:136)
	at io.cucumber.testng.TestNGCucumberRunner.runScenario(TestNGCucumberRunner.java:129)
	at io.cucumber.testng.AbstractTestNGCucumberTests.runScenario(AbstractTestNGCucumberTests.java:35)
	at java.base/jdk.internal.reflect.DirectMethodHandleAccessor.invoke(DirectMethodHandleAccessor.java:103)
	at java.base/java.lang.reflect.Method.invoke(Method.java:580)
	at org.testng.internal.invokers.MethodInvocationHelper.invokeMethod(MethodInvocationHelper.java:141)
	at org.testng.internal.invokers.TestInvoker.invokeMethod(TestInvoker.java:686)
	at org.testng.internal.invokers.TestInvoker.invokeTestMethod(TestInvoker.java:230)
	at org.testng.internal.invokers.TestMethodWithDataProviderMethodWorker.call(TestMethodWithDataProviderMethodWorker.java:81)
	at org.testng.internal.thread.Async$AsyncTask.run(Async.java:34)
	at java.base/java.util.concurrent.ThreadPoolExecutor.runWorker(ThreadPoolExecutor.java:1144)
	at java.base/java.util.concurrent.ThreadPoolExecutor$Worker.run(ThreadPoolExecutor.java:642)
	at java.base/java.lang.Thread.run(Thread.java:1583)
]]></failure>
  </testcase>
  <testcase name="runScenario[&quot;Scrape 5 articles from Opinión, translate es -&gt; en, analyze repeated words &gt;= 2&quot;, &quot;Scrape and analyze El País Opinión articles&quot;](1)" classname="com.elpais.runners.CucumberTestRunner" time="2.107">
    <failure message="Could not start a new session. Possible causes are invalid address of the remote server or browser start-up failure. &#10;Host info: host: &apos;DESKTOP-TD6O78B&apos;, ip: &apos;192.168.29.31&apos;" type="org.openqa.selenium.SessionNotCreatedException"><![CDATA[org.openqa.selenium.SessionNotCreatedException: 
Could not start a new session. Possible causes are invalid address of the remote server or browser start-up failure. 
Host info: host: 'DESKTOP-TD6O78B', ip: '192.168.29.31'
	at org.openqa.selenium.remote.RemoteWebDriver.execute(RemoteWebDriver.java:563)
	at org.openqa.selenium.remote.RemoteWebDriver.startSession(RemoteWebDriver.java:245)
	at org.openqa.selenium.remote.RemoteWebDriver.<init>(RemoteWebDriver.java:174)
	at org.openqa.selenium.remote.RemoteWebDriver.<init>(RemoteWebDriver.java:152)
	at com.elpais.utils.DriverFactory.createRemoteDriver(DriverFactory.java:148)
	at com.elpais.utils.DriverFactory.getDriver(DriverFactory.java:86)
	at com.elpais.services.ArticleScrapingService.<init>(ArticleScrapingService.java:32)
	at com.elpais.steps.HomeSteps.openWebsiteInLanguage(HomeSteps.java:21)
	at com.elpais.steps.HomeSteps.openWebsiteInLanguageNumbered(HomeSteps.java:31)
	at ✽.[Step 1] I open the "elpais.com" website in "es" language(file:///C:/Users/Pc/Downloads/ELPais/ELPais/src/test/resources/features/el_pais_scrape.feature:8)
Caused by: org.openqa.selenium.WebDriverException: Automate testing time expired.
Build info: version: '4.25.0', revision: '8a8aea2337'
System info: os.name: 'Windows 11', os.arch: 'amd64', os.version: '10.0', java.version: '21.0.7'
Driver info: driver.version: RemoteWebDriver
remote stacktrace: 
	at java.base/jdk.internal.reflect.DirectConstructorHandleAccessor.newInstance(DirectConstructorHandleAccessor.java:62)
	at java.base/java.lang.reflect.Constructor.newInstanceWithCaller(Constructor.java:502)
	at java.base/java.lang.reflect.Constructor.newInstance(Constructor.java:486)
	at org.openqa.selenium.remote.W3CHandshakeResponse.lambda$errorHandler$0(W3CHandshakeResponse.java:59)
	at org.openqa.selenium.remote.HandshakeResponse.lambda$getResponseFunction$0(HandshakeResponse.java:31)
	at org.openqa.selenium.remote.ProtocolHandshake.lambda$createSession$0(ProtocolHandshake.java:120)
	at java.base/java.util.stream.ReferencePipeline$3$1.accept(ReferencePipeline.java:197)
	at java.base/java.util.stream.Streams$StreamBuilderImpl.tryAdvance(Streams.java:397)
	at java.base/java.util.stream.ReferencePipeline.forEachWithCancel(ReferencePipeline.java:129)
	at java.base/java.util.stream.AbstractPipeline.copyIntoWithCancel(AbstractPipeline.java:527)
	at java.base/java.util.stream.AbstractPipeline.copyInto(AbstractPipeline.java:513)
	at java.base/java.util.stream.AbstractPipeline.wrapAndCopyInto(AbstractPipeline.java:499)
	at java.base/java.util.stream.FindOps$FindOp.evaluateSequential(FindOps.java:150)
	at java.base/java.util.stream.AbstractPipeline.evaluate(AbstractPipeline.java:234)
	at java.base/java.util.stream.ReferencePipeline.findFirst(ReferencePipeline.java:647)
	at org.openqa.selenium.remote.ProtocolHandshake.createSession(ProtocolHandshake.java:122)
	at org.openqa.selenium.remote.ProtocolHandshake.createSession(ProtocolHandshake.java:75)
	at org.openqa.selenium.remote.ProtocolHandshake.createSession(ProtocolHandshake.java:61)
	at org.openqa.selenium.remote.HttpCommandExecutor.execute(HttpCommandExecutor.java:162)
	at org.openqa.selenium.remote.TracedCommandExecutor.execute(TracedCommandExecutor.java:53)
	at org.openqa.selenium.remote.RemoteWebDriver.execute(RemoteWebDriver.java:545)
	at org.openqa.selenium.remote.RemoteWebDriver.startSession(RemoteWebDriver.java:245)
	at org.openqa.selenium.remote.RemoteWebDriver.<init>(RemoteWebDriver.java:174)
	at org.openqa.selenium.remote.RemoteWebDriver.<init>(RemoteWebDriver.java:152)
	at com.elpais.utils.DriverFactory.createRemoteDriver(DriverFactory.java:148)
	at com.elpais.utils.DriverFactory.getDriver(DriverFactory.java:86)
	at com.elpais.services.ArticleScrapingService.<init>(ArticleScrapingService.java:32)
	at com.elpais.steps.HomeSteps.openWebsiteInLanguage(HomeSteps.java:21)
	at com.elpais.steps.HomeSteps.openWebsiteInLanguageNumbered(HomeSteps.java:31)
	at java.base/jdk.internal.reflect.DirectMethodHandleAccessor.invoke(DirectMethodHandleAccessor.java:103)
	at java.base/java.lang.reflect.Method.invoke(Method.java:580)
	at io.cucumber.java.Invoker.doInvoke(Invoker.java:66)
	at io.cucumber.java.Invoker.invoke(Invoker.java:24)
	at io.cucumber.java.AbstractGlueDefinition.invokeMethod(AbstractGlueDefinition.java:47)
	at io.cucumber.java.JavaStepDefinition.execute(JavaStepDefinition.java:29)
	at io.cucumber.core.runner.CoreStepDefinition.execute(CoreStepDefinition.java:66)
	at io.cucumber.core.runner.PickleStepDefinitionMatch.runStep(PickleStepDefinitionMatch.java:63)
	at io.cucumber.core.runner.ExecutionMode$1.execute(ExecutionMode.java:10)
	at io.cucumber.core.runner.TestStep.executeStep(TestStep.java:81)
	at io.cucumber.core.runner.TestStep.run(TestStep.java:53)
	at io.cucumber.core.runner.PickleStepTestStep.run(PickleStepTestStep.java:51)
	at io.cucumber.core.runner.TestCase.run(TestCase.java:84)
	at io.cucumber.core.runner.Runner.runPickle(Runner.java:75)
	at io.cucumber.testng.TestNGCucumberRunner.lambda$runScenario$1(TestNGCucumberRunner.java:132)
	at io.cucumber.core.runtime.CucumberExecutionContext.lambda$runTestCase$5(CucumberExecutionContext.java:136)
	at io.cucumber.core.runtime.RethrowingThrowableCollector.executeAndThrow(RethrowingThrowableCollector.java:23)
	at io.cucumber.core.runtime.CucumberExecutionContext.runTestCase(CucumberExecutionContext.java:136)
	at io.cucumber.testng.TestNGCucumberRunner.runScenario(TestNGCucumberRunner.java:129)
	at io.cucumber.testng.AbstractTestNGCucumberTests.runScenario(AbstractTestNGCucumberTests.java:35)
	at java.base/jdk.internal.reflect.DirectMethodHandleAccessor.invoke(DirectMethodHandleAccessor.java:103)
	at java.base/java.lang.reflect.Method.invoke(Method.java:580)
	at org.testng.internal.invokers.MethodInvocationHelper.invokeMethod(MethodInvocationHelper.java:141)
	at org.testng.internal.invokers.TestInvoker.invokeMethod(TestInvoker.java:686)
	at org.testng.internal.invokers.TestInvoker.invokeTestMethod(TestInvoker.java:230)
	at org.testng.internal.invokers.TestMethodWithDataProviderMethodWorker.call(TestMethodWithDataProviderMethodWorker.java:81)
	at org.testng.internal.thread.Async$AsyncTask.run(Async.java:34)
	at java.base/java.util.concurrent.ThreadPoolExecutor.runWorker(ThreadPoolExecutor.java:1144)
	at java.base/java.util.concurrent.ThreadPoolExecutor$Worker.run(ThreadPoolExecutor.java:642)
	at java.base/java.lang.Thread.run(Thread.java:1583)
]]></failure>
  </testcase>
  <testcase name="runScenario[&quot;Scrape 5 articles from Opinión, translate es -&gt; en, analyze repeated words &gt;= 2&quot;, &quot;Scrape and analyze El País Opinión articles&quot;](1)" classname="com.elpais.runners.CucumberTestRunner" time="2.199">
    <failure message="Could not start a new session. Possible causes are invalid address of the remote server or browser start-up failure. &#10;Host info: host: &apos;DESKTOP-TD6O78B&apos;, ip: &apos;192.168.29.31&apos;" type="org.openqa.selenium.SessionNotCreatedException"><![CDATA[org.openqa.selenium.SessionNotCreatedException: 
Could not start a new session. Possible causes are invalid address of the remote server or browser start-up failure. 
Host info: host: 'DESKTOP-TD6O78B', ip: '192.168.29.31'
	at org.openqa.selenium.remote.RemoteWebDriver.execute(RemoteWebDriver.java:563)
	at org.openqa.selenium.remote.RemoteWebDriver.startSession(RemoteWebDriver.java:245)
	at org.openqa.selenium.remote.RemoteWebDriver.<init>(RemoteWebDriver.java:174)
	at org.openqa.selenium.remote.RemoteWebDriver.<init>(RemoteWebDriver.java:152)
	at com.elpais.utils.DriverFactory.createRemoteDriver(DriverFactory.java:148)
	at com.elpais.utils.DriverFactory.getDriver(DriverFactory.java:86)
	at com.elpais.services.ArticleScrapingService.<init>(ArticleScrapingService.java:32)
	at com.elpais.steps.HomeSteps.openWebsiteInLanguage(HomeSteps.java:21)
	at com.elpais.steps.HomeSteps.openWebsiteInLanguageNumbered(HomeSteps.java:31)
	at ✽.[Step 1] I open the "elpais.com" website in "es" language(file:///C:/Users/Pc/Downloads/ELPais/ELPais/src/test/resources/features/el_pais_scrape.feature:8)
Caused by: org.openqa.selenium.WebDriverException: Automate testing time expired.
Build info: version: '4.25.0', revision: '8a8aea2337'
System info: os.name: 'Windows 11', os.arch: 'amd64', os.version: '10.0', java.version: '21.0.7'
Driver info: driver.version: RemoteWebDriver
remote stacktrace: 
	at java.base/jdk.internal.reflect.DirectConstructorHandleAccessor.newInstance(DirectConstructorHandleAccessor.java:62)
	at java.base/java.lang.reflect.Constructor.newInstanceWithCaller(Constructor.java:502)
	at java.base/java.lang.reflect.Constructor.newInstance(Constructor.java:486)
	at org.openqa.selenium.remote.W3CHandshakeResponse.lambda$errorHandler$0(W3CHandshakeResponse.java:59)
	at org.openqa.selenium.remote.HandshakeResponse.lambda$getResponseFunction$0(HandshakeResponse.java:31)
	at org.openqa.selenium.remote.ProtocolHandshake.lambda$createSession$0(ProtocolHandshake.java:120)
	at java.base/java.util.stream.ReferencePipeline$3$1.accept(ReferencePipeline.java:197)
	at java.base/java.util.stream.Streams$StreamBuilderImpl.tryAdvance(Streams.java:397)
	at java.base/java.util.stream.ReferencePipeline.forEachWithCancel(ReferencePipeline.java:129)
	at java.base/java.util.stream.AbstractPipeline.copyIntoWithCancel(AbstractPipeline.java:527)
	at java.base/java.util.stream.AbstractPipeline.copyInto(AbstractPipeline.java:513)
	at java.base/java.util.stream.AbstractPipeline.wrapAndCopyInto(AbstractPipeline.java:499)
	at java.base/java.util.stream.FindOps$FindOp.evaluateSequential(FindOps.java:150)
	at java.base/java.util.stream.AbstractPipeline.evaluate(AbstractPipeline.java:234)
	at java.base/java.util.stream.ReferencePipeline.findFirst(ReferencePipeline.java:647)
	at org.openqa.selenium.remote.ProtocolHandshake.createSession(ProtocolHandshake.java:122)
	at org.openqa.selenium.remote.ProtocolHandshake.createSession(ProtocolHandshake.java:75)
	at org.openqa.selenium.remote.ProtocolHandshake.createSession(ProtocolHandshake.java:61)
	at org.openqa.selenium.remote.HttpCommandExecutor.execute(HttpCommandExecutor.java:162)
	at org.openqa.selenium.remote.TracedCommandExecutor.execute(TracedCommandExecutor.java:53)
	at org.openqa.selenium.remote.RemoteWebDriver.execute(RemoteWebDriver.java:545)
	at org.openqa.selenium.remote.RemoteWebDriver.startSession(RemoteWebDriver.java:245)
	at org.openqa.selenium.remote.RemoteWebDriver.<init>(RemoteWebDriver.java:174)
	at org.openqa.selenium.remote.RemoteWebDriver.<init>(RemoteWebDriver.java:152)
	at com.elpais.utils.DriverFactory.createRemoteDriver(DriverFactory.java:148)
	at com.elpais.utils.DriverFactory.getDriver(DriverFactory.java:86)
	at com.elpais.services.ArticleScrapingService.<init>(ArticleScrapingService.java:32)
	at com.elpais.steps.HomeSteps.openWebsiteInLanguage(HomeSteps.java:21)
	at com.elpais.steps.HomeSteps.openWebsiteInLanguageNumbered(HomeSteps.java:31)
	at java.base/jdk.internal.reflect.DirectMethodHandleAccessor.invoke(DirectMethodHandleAccessor.java:103)
	at java.base/java.lang.reflect.Method.invoke(Method.java:580)
	at io.cucumber.java.Invoker.doInvoke(Invoker.java:66)
	at io.cucumber.java.Invoker.invoke(Invoker.java:24)
	at io.cucumber.java.AbstractGlueDefinition.invokeMethod(AbstractGlueDefinition.java:47)
	at io.cucumber.java.JavaStepDefinition.execute(JavaStepDefinition.java:29)
	at io.cucumber.core.runner.CoreStepDefinition.execute(CoreStepDefinition.java:66)
	at io.cucumber.core.runner.PickleStepDefinitionMatch.runStep(PickleStepDefinitionMatch.java:63)
	at io.cucumber.core.runner.ExecutionMode$1.execute(ExecutionMode.java:10)
	at io.cucumber.core.runner.TestStep.executeStep(TestStep.java:81)
	at io.cucumber.core.runner.TestStep.run(TestStep.java:53)
	at io.cucumber.core.runner.PickleStepTestStep.run(PickleStepTestStep.java:51)
	at io.cucumber.core.runner.TestCase.run(TestCase.java:84)
	at io.cucumber.core.runner.Runner.runPickle(Runner.java:75)
	at io.cucumber.testng.TestNGCucumberRunner.lambda$runScenario$1(TestNGCucumberRunner.java:132)
	at io.cucumber.core.runtime.CucumberExecutionContext.lambda$runTestCase$5(CucumberExecutionContext.java:136)
	at io.cucumber.core.runtime.RethrowingThrowableCollector.executeAndThrow(RethrowingThrowableCollector.java:23)
	at io.cucumber.core.runtime.CucumberExecutionContext.runTestCase(CucumberExecutionContext.java:136)
	at io.cucumber.testng.TestNGCucumberRunner.runScenario(TestNGCucumberRunner.java:129)
	at io.cucumber.testng.AbstractTestNGCucumberTests.runScenario(AbstractTestNGCucumberTests.java:35)
	at java.base/jdk.internal.reflect.DirectMethodHandleAccessor.invoke(DirectMethodHandleAccessor.java:103)
	at java.base/java.lang.reflect.Method.invoke(Method.java:580)
	at org.testng.internal.invokers.MethodInvocationHelper.invokeMethod(MethodInvocationHelper.java:141)
	at org.testng.internal.invokers.TestInvoker.invokeMethod(TestInvoker.java:686)
	at org.testng.internal.invokers.TestInvoker.invokeTestMethod(TestInvoker.java:230)
	at org.testng.internal.invokers.TestMethodWithDataProviderMethodWorker.call(TestMethodWithDataProviderMethodWorker.java:81)
	at org.testng.internal.thread.Async$AsyncTask.run(Async.java:34)
	at java.base/java.util.concurrent.ThreadPoolExecutor.runWorker(ThreadPoolExecutor.java:1144)
	at java.base/java.util.concurrent.ThreadPoolExecutor$Worker.run(ThreadPoolExecutor.java:642)
	at java.base/java.lang.Thread.run(Thread.java:1583)
]]></failure>
    <system-out><![CDATA[


&amp#27;[31mFailed scenarios:&amp#27;[0m
&amp#27;[31mFailed scenarios:&amp#27;[0m
&amp#27;[31mFailed scenarios:&amp#27;[0m

&amp#27;[31mFailed scenarios:&amp#27;[0m
[...]
	at com.elpais.steps.HomeSteps.openWebsiteInLanguageNumbered(HomeSteps.java:31)
	at java.base/java.lang.reflect.Method.invoke(Method.java:580)
	at io.cucumber.core.runner.ExecutionMode$1.execute(ExecutionMode.java:10)
	at com.elpais.services.ArticleScrapingService.<init>(ArticleScrapingService.java:32)
	at io.cucumber.java.Invoker.doInvoke(Invoker.java:66)
	at io.cucumber.core.runner.TestStep.executeStep(TestStep.java:81)
	at java.base/jdk.internal.reflect.DirectMethodHandleAccessor.invoke(DirectMethodHandleAccessor.java:103)
	at com.elpais.steps.HomeSteps.openWebsiteInLanguage(HomeSteps.java:21)
	at io.cucumber.java.Invoker.invoke(Invoker.java:24)
	at io.cucumber.core.runner.TestStep.run(TestStep.java:53)
	at io.cucumber.java.AbstractGlueDefinition.invokeMethod(AbstractGlueDefinition.java:47)
	at com.elpais.steps.HomeSteps.openWebsiteInLanguageNumbered(HomeSteps.java:31)
	at java.base/java.lang.reflect.Method.invoke(Method.java:580)
	at io.cucumber.core.runner.PickleStepTestStep.run(PickleStepTestStep.java:51)
	at io.cucumber.java.JavaStepDefinition.execute(JavaStepDefinition.java:29)
	at io.cucumber.java.Invoker.doInvoke(Invoker.java:66)
	at io.cucumber.core.runner.TestCase.run(TestCase.java:84)
	at java.base/jdk.internal.reflect.DirectMethodHandleAccessor.invoke(DirectMethodHandleAccessor.java:103)
	at io.cucumber.core.runner.CoreStepDefinition.execute(CoreStepDefinition.java:66)
	at io.cucumber.core.runner.Runner.runPickle(Runner.java:75)
	at io.cucumber.java.Invoker.invoke(Invoker.java:24)
	at java.base/java.lang.reflect.Method.invoke(Method.java:580)
	at io.cucumber.core.runner.PickleStepDefinitionMatch.runStep(PickleStepDefinitionMatch.java:63)
	at io.cucumber.testng.TestNGCucumberRunner.lambda$runScenario$1(TestNGCucumberRunner.java:132)
	at io.cucumber.java.Invoker.doInvoke(Invoker.java:66)
	at io.cucumber.java.AbstractGlueDefinition.invokeMethod(AbstractGlueDefinition.java:47)
	at io.cucumber.core.runner.ExecutionMode$1.execute(ExecutionMode.java:10)
	at io.cucumber.core.runtime.CucumberExecutionContext.lambda$runTestCase$5(CucumberExecutionContext.java:136)
	at io.cucumber.core.runner.TestStep.executeStep(TestStep.java:81)
	at io.cucumber.java.Invoker.invoke(Invoker.java:24)
	at io.cucumber.java.JavaStepDefinition.execute(JavaStepDefinition.java:29)
	at io.cucumber.core.runner.TestStep.run(TestStep.java:53)
	at io.cucumber.core.runtime.RethrowingThrowableCollector.executeAndThrow(RethrowingThrowableCollector.java:23)
	at io.cucumber.core.runner.CoreStepDefinition.execute(CoreStepDefinition.java:66)
	at io.cucumber.java.AbstractGlueDefinition.invokeMethod(AbstractGlueDefinition.java:47)
	at io.cucumber.core.runner.PickleStepTestStep.run(PickleStepTestStep.java:51)
	at io.cucumber.core.runtime.CucumberExecutionContext.runTestCase(CucumberExecutionContext.java:136)
	at io.cucumber.core.runner.PickleStepDefinitionMatch.runStep(PickleStepDefinitionMatch.java:63)
	at io.cucumber.java.JavaStepDefinition.execute(JavaStepDefinition.java:29)
	at io.cucumber.core.runner.TestCase.run(TestCase.java:84)
	at io.cucumber.testng.TestNGCucumberRunner.runScenario(TestNGCucumberRunner.java:129)
	at io.cucumber.core.runner.Runner.runPickle(Runner.java:75)
	at io.cucumber.core.runner.ExecutionMode$1.execute(ExecutionMode.java:10)
	at io.cucumber.core.runner.CoreStepDefinition.execute(CoreStepDefinition.java:66)
	at io.cucumber.testng.TestNGCucumberRunner.lambda$runScenario$1(TestNGCucumberRunner.java:132)
	at io.cucumber.testng.AbstractTestNGCucumberTests.runScenario(AbstractTestNGCucumberTests.java:35)
	at io.cucumber.core.runner.TestStep.executeStep(TestStep.java:81)
	at io.cucumber.core.runner.PickleStepDefinitionMatch.runStep(PickleStepDefinitionMatch.java:63)
	at io.cucumber.core.runner.ExecutionMode$1.execute(ExecutionMode.java:10)
	at io.cucumber.core.runtime.CucumberExecutionContext.lambda$runTestCase$5(CucumberExecutionContext.java:136)
	at io.cucumber.core.runner.TestStep.run(TestStep.java:53)
	at io.cucumber.core.runner.TestStep.executeStep(TestStep.java:81)
	at io.cucumber.core.runtime.RethrowingThrowableCollector.executeAndThrow(RethrowingThrowableCollector.java:23)
	at io.cucumber.core.runner.PickleStepTestStep.run(PickleStepTestStep.java:51)
	at java.base/jdk.internal.reflect.DirectMethodHandleAccessor.invoke(DirectMethodHandleAccessor.java:103)
	at io.cucumber.core.runtime.CucumberExecutionContext.runTestCase(CucumberExecutionContext.java:136)
	at io.cucumber.core.runner.TestStep.run(TestStep.java:53)
	at io.cucumber.core.runner.TestCase.run(TestCase.java:84)
	at io.cucumber.core.runner.PickleStepTestStep.run(PickleStepTestStep.java:51)
	at java.base/java.lang.reflect.Method.invoke(Method.java:580)
	at io.cucumber.core.runner.Runner.runPickle(Runner.java:75)
	at io.cucumber.testng.TestNGCucumberRunner.runScenario(TestNGCucumberRunner.java:129)
	at io.cucumber.testng.TestNGCucumberRunner.lambda$runScenario$1(TestNGCucumberRunner.java:132)
	at io.cucumber.core.runner.TestCase.run(TestCase.java:84)
	at org.testng.internal.invokers.MethodInvocationHelper.invokeMethod(MethodInvocationHelper.java:141)
	at io.cucumber.core.runner.Runner.runPickle(Runner.java:75)
	at io.cucumber.testng.AbstractTestNGCucumberTests.runScenario(AbstractTestNGCucumberTests.java:35)
	at io.cucumber.core.runtime.CucumberExecutionContext.lambda$runTestCase$5(CucumberExecutionContext.java:136)
	at io.cucumber.testng.TestNGCucumberRunner.lambda$runScenario$1(TestNGCucumberRunner.java:132)
	at java.base/jdk.internal.reflect.DirectMethodHandleAccessor.invoke(DirectMethodHandleAccessor.java:103)
	at org.testng.internal.invokers.TestInvoker.invokeMethod(TestInvoker.java:686)
	at io.cucumber.core.runtime.RethrowingThrowableCollector.executeAndThrow(RethrowingThrowableCollector.java:23)
	at io.cucumber.core.runtime.CucumberExecutionContext.lambda$runTestCase$5(CucumberExecutionContext.java:136)
	at java.base/java.lang.reflect.Method.invoke(Method.java:580)
	at io.cucumber.core.runtime.CucumberExecutionContext.runTestCase(CucumberExecutionContext.java:136)
	at org.testng.internal.invokers.TestInvoker.invokeTestMethod(TestInvoker.java:230)
	at io.cucumber.core.runtime.RethrowingThrowableCollector.executeAndThrow(RethrowingThrowableCollector.java:23)
	at org.testng.internal.invokers.MethodInvocationHelper.invokeMethod(MethodInvocationHelper.java:141)
	at io.cucumber.testng.TestNGCucumberRunner.runScenario(TestNGCucumberRunner.java:129)
	at org.testng.internal.invokers.TestInvoker.invokeMethod(TestInvoker.java:686)
	at org.testng.internal.invokers.TestMethodWithDataProviderMethodWorker.call(TestMethodWithDataProviderMethodWorker.java:81)
	at io.cucumber.core.runtime.CucumberExecutionContext.runTestCase(CucumberExecutionContext.java:136)
	at io.cucumber.testng.AbstractTestNGCucumberTests.runScenario(AbstractTestNGCucumberTests.java:35)
	at org.testng.internal.invokers.TestInvoker.invokeTestMethod(TestInvoker.java:230)
	at org.testng.internal.thread.Async$AsyncTask.run(Async.java:34)
	at io.cucumber.testng.TestNGCucumberRunner.runScenario(TestNGCucumberRunner.java:129)
	at java.base/jdk.internal.reflect.DirectMethodHandleAccessor.invoke(DirectMethodHandleAccessor.java:103)
	at org.testng.internal.invokers.TestMethodWithDataProviderMethodWorker.call(TestMethodWithDataProviderMethodWorker.java:81)
	at java.base/java.util.concurrent.ThreadPoolExecutor.runWorker(ThreadPoolExecutor.java:1144)
	at io.cucumber.testng.AbstractTestNGCucumberTests.runScenario(AbstractTestNGCucumberTests.java:35)
	at org.testng.internal.thread.Async$AsyncTask.run(Async.java:34)
	at java.base/java.lang.reflect.Method.invoke(Method.java:580)
	at java.base/java.util.concurrent.ThreadPoolExecutor$Worker.run(ThreadPoolExecutor.java:642)
	at java.base/java.util.concurrent.ThreadPoolExecutor.runWorker(ThreadPoolExecutor.java:1144)
	at java.base/jdk.internal.reflect.DirectMethodHandleAccessor.invoke(DirectMethodHandleAccessor.java:103)
	at org.testng.internal.invokers.MethodInvocationHelper.invokeMethod(MethodInvocationHelper.java:141)
	at java.base/java.lang.Thread.run(Thread.java:1583)
	at java.base/java.util.concurrent.ThreadPoolExecutor$Worker.run(ThreadPoolExecutor.java:642)

	at org.testng.internal.invokers.TestInvoker.invokeMethod(TestInvoker.java:686)
	at java.base/java.lang.reflect.Method.invoke(Method.java:580)
	at java.base/java.lang.Thread.run(Thread.java:1583)


	at org.testng.internal.invokers.TestInvoker.invokeTestMethod(TestInvoker.java:230)
	at org.testng.internal.invokers.MethodInvocationHelper.invokeMethod(MethodInvocationHelper.java:141)

	at org.testng.internal.invokers.TestInvoker.invokeMethod(TestInvoker.java:686)
	at org.testng.internal.invokers.TestMethodWithDataProviderMethodWorker.call(TestMethodWithDataProviderMethodWorker.java:81)
	at org.testng.internal.thread.Async$AsyncTask.run(Async.java:34)
	at org.testng.internal.invokers.TestInvoker.invokeTestMethod(TestInvoker.java:230)
	at org.testng.internal.invokers.TestMethodWithDataProviderMethodWorker.call(TestMethodWithDataProviderMethodWorker.java:81)
	at java.base/java.util.concurrent.ThreadPoolExecutor.runWorker(ThreadPoolExecutor.java:1144)
	at org.testng.internal.thread.Async$AsyncTask.run(Async.java:34)
	at java.base/java.util.concurrent.ThreadPoolExecutor$Worker.run(ThreadPoolExecutor.java:642)
	at java.base/java.lang.Thread.run(Thread.java:1583)
	at java.base/java.util.concurrent.ThreadPoolExecutor.runWorker(ThreadPoolExecutor.java:1144)

	at java.base/java.util.concurrent.ThreadPoolExecutor$Worker.run(ThreadPoolExecutor.java:642)

	at java.base/java.lang.Thread.run(Thread.java:1583)


  &amp#27;[31mGiven &amp#27;[0m&amp#27;[31m[Step &amp#27;[0m&amp#27;[31m&amp#27;[1m1&amp#27;[0m&amp#27;[31m] I open the "&amp#27;[0m&amp#27;[31m&amp#27;[1melpais.com&amp#27;[0m&amp#27;[31m" website in "&amp#27;[0m&amp#27;[31m&amp#27;[1mes&amp#27;[0m&amp#27;[31m" language&amp#27;[0m                                                                                    &amp#27;[90m# com.elpais.steps.HomeSteps.openWebsiteInLanguageNumbered(int,java.lang.String,java.lang.String)&amp#27;[0m
      &amp#27;[31morg.openqa.selenium.SessionNotCreatedException: Could not start a new session. Possible causes are invalid address of the remote server or browser start-up failure. 
Host info: host: 'DESKTOP-TD6O78B', ip: '192.168.29.31'
	at org.openqa.selenium.remote.RemoteWebDriver.execute(RemoteWebDriver.java:563)
	at org.openqa.selenium.remote.RemoteWebDriver.startSession(RemoteWebDriver.java:245)
	at org.openqa.selenium.remote.RemoteWebDriver.<init>(RemoteWebDriver.java:174)
	at org.openqa.selenium.remote.RemoteWebDriver.<init>(RemoteWebDriver.java:152)
	at com.elpais.utils.DriverFactory.createRemoteDriver(DriverFactory.java:148)
	at com.elpais.utils.DriverFactory.getDriver(DriverFactory.java:86)
	at com.elpais.services.ArticleScrapingService.<init>(ArticleScrapingService.java:32)
	at com.elpais.steps.HomeSteps.openWebsiteInLanguage(HomeSteps.java:21)
	at com.elpais.steps.HomeSteps.openWebsiteInLanguageNumbered(HomeSteps.java:31)
	at ✽.[Step 1] I open the "elpais.com" website in "es" language(file:///C:/Users/Pc/Downloads/ELPais/ELPais/src/test/resources/features/el_pais_scrape.feature:8)
Caused by: org.openqa.selenium.WebDriverException: Automate testing time expired.
Build info: version: '4.25.0', revision: '8a8aea2337'
System info: os.name: 'Windows 11', os.arch: 'amd64', os.version: '10.0', java.version: '21.0.7'
Driver info: driver.version: RemoteWebDriver
remote stacktrace: 
	at java.base/jdk.internal.reflect.DirectConstructorHandleAccessor.newInstance(DirectConstructorHandleAccessor.java:62)
	at java.base/java.lang.reflect.Constructor.newInstanceWithCaller(Constructor.java:502)
	at java.base/java.lang.reflect.Constructor.newInstance(Constructor.java:486)
	at org.openqa.selenium.remote.W3CHandshakeResponse.lambda$errorHandler$0(W3CHandshakeResponse.java:59)
	at org.openqa.selenium.remote.HandshakeResponse.lambda$getResponseFunction$0(HandshakeResponse.java:31)
	at org.openqa.selenium.remote.ProtocolHandshake.lambda$createSession$0(ProtocolHandshake.java:120)
	at java.base/java.util.stream.ReferencePipeline$3$1.accept(ReferencePipeline.java:197)
	at java.base/java.util.stream.Streams$StreamBuilderImpl.tryAdvance(Streams.java:397)
	at java.base/java.util.stream.ReferencePipeline.forEachWithCancel(ReferencePipeline.java:129)
	at java.base/java.util.stream.AbstractPipeline.copyIntoWithCancel(AbstractPipeline.java:527)
	at java.base/java.util.stream.AbstractPipeline.copyInto(AbstractPipeline.java:513)
	at java.base/java.util.stream.AbstractPipeline.wrapAndCopyInto(AbstractPipeline.java:499)
	at java.base/java.util.stream.FindOps$FindOp.evaluateSequential(FindOps.java:150)
	at java.base/java.util.stream.AbstractPipeline.evaluate(AbstractPipeline.java:234)
	at java.base/java.util.stream.ReferencePipeline.findFirst(ReferencePipeline.java:647)
	at org.openqa.selenium.remote.ProtocolHandshake.createSession(ProtocolHandshake.java:122)
	at org.openqa.selenium.remote.ProtocolHandshake.createSession(ProtocolHandshake.java:75)
	at org.openqa.selenium.remote.ProtocolHandshake.createSession(ProtocolHandshake.java:61)
	at org.openqa.selenium.remote.HttpCommandExecutor.execute(HttpCommandExecutor.java:162)
	at org.openqa.selenium.remote.TracedCommandExecutor.execute(TracedCommandExecutor.java:53)
	at org.openqa.selenium.remote.RemoteWebDriver.execute(RemoteWebDriver.java:545)
	at org.openqa.selenium.remote.RemoteWebDriver.startSession(RemoteWebDriver.java:245)
	at org.openqa.selenium.remote.RemoteWebDriver.<init>(RemoteWebDriver.java:174)
	at org.openqa.selenium.remote.RemoteWebDriver.<init>(RemoteWebDriver.java:152)
	at com.elpais.utils.DriverFactory.createRemoteDriver(DriverFactory.java:148)
	at com.elpais.utils.DriverFactory.getDriver(DriverFactory.java:86)
	at com.elpais.services.ArticleScrapingService.<init>(ArticleScrapingService.java:32)
	at com.elpais.steps.HomeSteps.openWebsiteInLanguage(HomeSteps.java:21)
	at com.elpais.steps.HomeSteps.openWebsiteInLanguageNumbered(HomeSteps.java:31)
	at java.base/jdk.internal.reflect.DirectMethodHandleAccessor.invoke(DirectMethodHandleAccessor.java:103)
	at java.base/java.lang.reflect.Method.invoke(Method.java:580)
	at io.cucumber.java.Invoker.doInvoke(Invoker.java:66)
	at io.cucumber.java.Invoker.invoke(Invoker.java:24)
	at io.cucumber.java.AbstractGlueDefinition.invokeMethod(AbstractGlueDefinition.java:47)
	at io.cucumber.java.JavaStepDefinition.execute(JavaStepDefinition.java:29)
	at io.cucumber.core.runner.CoreStepDefinition.execute(CoreStepDefinition.java:66)
	at io.cucumber.core.runner.PickleStepDefinitionMatch.runStep(PickleStepDefinitionMatch.java:63)
	at io.cucumber.core.runner.ExecutionMode$1.execute(ExecutionMode.java:10)
	at io.cucumber.core.runner.TestStep.executeStep(TestStep.java:81)
	at io.cucumber.core.runner.TestStep.run(TestStep.java:53)
	at io.cucumber.core.runner.PickleStepTestStep.run(PickleStepTestStep.java:51)
	at io.cucumber.core.runner.TestCase.run(TestCase.java:84)
	at io.cucumber.core.runner.Runner.runPickle(Runner.java:75)
	at io.cucumber.testng.TestNGCucumberRunner.lambda$runScenario$1(TestNGCucumberRunner.java:132)
	at io.cucumber.core.runtime.CucumberExecutionContext.lambda$runTestCase$5(CucumberExecutionContext.java:136)
	at io.cucumber.core.runtime.RethrowingThrowableCollector.executeAndThrow(RethrowingThrowableCollector.java:23)
	at io.cucumber.core.runtime.CucumberExecutionContext.runTestCase(CucumberExecutionContext.java:136)
	at io.cucumber.testng.TestNGCucumberRunner.runScenario(TestNGCucumberRunner.java:129)
	at io.cucumber.testng.AbstractTestNGCucumberTests.runScenario(AbstractTestNGCucumberTests.java:35)
	at java.base/jdk.internal.reflect.DirectMethodHandleAccessor.invoke(DirectMethodHandleAccessor.java:103)
	at java.base/java.lang.reflect.Method.invoke(Method.java:580)
	at org.testng.internal.invokers.MethodInvocationHelper.invokeMethod(MethodInvocationHelper.java:141)
	at org.testng.internal.invokers.TestInvoker.invokeMethod(TestInvoker.java:686)
	at org.testng.internal.invokers.TestInvoker.invokeTestMethod(TestInvoker.java:230)
	at org.testng.internal.invokers.TestMethodWithDataProviderMethodWorker.call(TestMethodWithDataProviderMethodWorker.java:81)
	at org.testng.internal.thread.Async$AsyncTask.run(Async.java:34)
	at java.base/java.util.concurrent.ThreadPoolExecutor.runWorker(ThreadPoolExecutor.java:1144)
	at java.base/java.util.concurrent.ThreadPoolExecutor$Worker.run(ThreadPoolExecutor.java:642)
	at java.base/java.lang.Thread.run(Thread.java:1583)
&amp#27;[0m
  &amp#27;[36mWhen &amp#27;[0m&amp#27;[36m[Step &amp#27;[0m&amp#27;[36m&amp#27;[1m2&amp#27;[0m&amp#27;[36m] I navigate to the "&amp#27;[0m&amp#27;[36m&amp#27;[1mOpinión&amp#27;[0m&amp#27;[36m" section&amp#27;[0m                                                                                                  &amp#27;[90m# com.elpais.steps.HomeSteps.navigateToSectionNumbered(int,java.lang.String)&amp#27;[0m
  &amp#27;[36mAnd &amp#27;[0m&amp#27;[36m[Step &amp#27;[0m&amp#27;[36m&amp#27;[1m3&amp#27;[0m&amp#27;[36m] I scrape the first &amp#27;[0m&amp#27;[36m&amp#27;[1m5&amp#27;[0m&amp#27;[36m articles with titles, content, and cover images into "&amp#27;[0m&amp#27;[36m&amp#27;[1moutput/images&amp#27;[0m&amp#27;[36m" images and "&amp#27;[0m&amp#27;[36m&amp#27;[1moutput/screenshots&amp#27;[0m&amp#27;[36m" screenshots&amp#27;[0m &amp#27;[90m# com.elpais.steps.OpinionSteps.scrapeArticlesNumbered(int,int,java.lang.String,java.lang.String)&amp#27;[0m
  &amp#27;[36mAnd &amp#27;[0m&amp#27;[36m[Step &amp#27;[0m&amp#27;[36m&amp#27;[1m4&amp#27;[0m&amp#27;[36m] I translate each article title from "&amp#27;[0m&amp#27;[36m&amp#27;[1mes&amp#27;[0m&amp#27;[36m" to "&amp#27;[0m&amp#27;[36m&amp#27;[1men&amp#27;[0m&amp#27;[36m"&amp#27;[0m                                                                                      &amp#27;[90m# com.elpais.steps.TranslationAnalysisSteps.translateTitlesNumbered(int,java.lang.String,java.lang.String)&amp#27;[0m
  &amp#27;[36mAnd &amp#27;[0m&amp#27;[36m[Step &amp#27;[0m&amp#27;[36m&amp#27;[1m5&amp#27;[0m&amp#27;[36m] I log the article scraping summary with first &amp#27;[0m&amp#27;[36m&amp#27;[1m300&amp#27;[0m&amp#27;[36m characters&amp#27;[0m                                                                          &amp#27;[90m# com.elpais.steps.DiagnosticsSteps.logArticleSummaryNumbered(int,int)&amp#27;[0m
  &amp#27;[36mAnd &amp#27;[0m&amp#27;[36m[Step &amp#27;[0m&amp#27;[36m&amp#27;[1m6&amp#27;[0m&amp#27;[36m] I capture a diagnostic snapshot&amp#27;[0m                                                                                                       &amp#27;[90m# com.elpais.steps.DiagnosticsSteps.captureDiagnosticSnapshotNumbered(int)&amp#27;[0m
  &amp#27;[36mAnd &amp#27;[0m&amp#27;[36m[Step &amp#27;[0m&amp#27;[36m&amp#27;[1m7&amp#27;[0m&amp#27;[36m] I log the article scraping summary&amp#27;[0m                                                                                                    &amp#27;[90m# com.elpais.steps.DiagnosticsSteps.logArticleSummaryNoArgNumbered(int)&amp#27;[0m
  &amp#27;[36mThen &amp#27;[0m&amp#27;[36m[Step &amp#27;[0m&amp#27;[36m&amp#27;[1m8&amp#27;[0m&amp#27;[36m] I print translated titles and words repeated more than &amp#27;[0m&amp#27;[36m&amp#27;[1m2&amp#27;[0m&amp#27;[36m times&amp#27;[0m                                                                       &amp#27;[90m# com.elpais.steps.TranslationAnalysisSteps.printRepeatedWordsNumbered(int,int)&amp#27;[0m
  &amp#27;[36mAnd &amp#27;[0m&amp#27;[36m[Step &amp#27;[0m&amp#27;[36m&amp#27;[1m9&amp#27;[0m&amp#27;[36m] I close the &amp#27;[0m&amp#27;[36m&amp#27;[1m"chrome"&amp#27;[0m&amp#27;[36m browser&amp#27;[0m                                                                                                          &amp#27;[90m# com.elpais.steps.HomeSteps.closeBrowser(java.lang.Integer,java.lang.String)&amp#27;[0m
]]></system-out>
  </testcase>
</testsuite>