<?xml version="1.0" encoding="UTF-8"?>
<testng-results ignored="0" total="5" passed="5" failed="0" skipped="0">
  <reporter-output>
  </reporter-output>
  <suite started-at="2025-11-14T16:09:06 IST" name="CucumberSuite" finished-at="2025-11-14T16:10:37 IST" duration-ms="91796">
    <groups>
      <group name="cucumber">
        <method signature="AbstractTestNGCucumberTests.runScenario(io.cucumber.testng.PickleWrapper,io.cucumber.testng.FeatureWrapper)[pri:0, instance:com.elpais.runners.CucumberTestRunner@7c9d8e2]" name="runScenario" class="io.cucumber.testng.AbstractTestNGCucumberTests"/>
        <method signature="AbstractTestNGCucumberTests.runScenario(io.cucumber.testng.PickleWrapper,io.cucumber.testng.FeatureWrapper)[pri:0, instance:com.elpais.runners.CucumberTestRunner@e4487af]" name="runScenario" class="io.cucumber.testng.AbstractTestNGCucumberTests"/>
        <method signature="AbstractTestNGCucumberTests.runScenario(io.cucumber.testng.PickleWrapper,io.cucumber.testng.FeatureWrapper)[pri:0, instance:com.elpais.runners.CucumberTestRunner@c86b9e3]" name="runScenario" class="io.cucumber.testng.AbstractTestNGCucumberTests"/>
        <method signature="AbstractTestNGCucumberTests.runScenario(io.cucumber.testng.PickleWrapper,io.cucumber.testng.FeatureWrapper)[pri:0, instance:com.elpais.runners.CucumberTestRunner@37271612]" name="runScenario" class="io.cucumber.testng.AbstractTestNGCucumberTests"/>
        <method signature="AbstractTestNGCucumberTests.runScenario(io.cucumber.testng.PickleWrapper,io.cucumber.testng.FeatureWrapper)[pri:0, instance:com.elpais.runners.CucumberTestRunner@38102d01]" name="runScenario" class="io.cucumber.testng.AbstractTestNGCucumberTests"/>
      </group> <!-- cucumber -->
    </groups>
    <test started-at="2025-11-14T16:09:06 IST" name="CucumberTests-Android" finished-at="2025-11-14T16:10:25 IST" duration-ms="79564">
      <class name="com.elpais.runners.CucumberTestRunner">
        <test-method is-config="true" signature="setUpClass(org.testng.ITestContext)[pri:0, instance:com.elpais.runners.CucumberTestRunner@38102d01]" started-at="2025-11-14T16:09:06 IST" name="setUpClass" finished-at="2025-11-14T16:09:06 IST" duration-ms="418" status="PASS">
          <params>
            <param index="0">
              <value>
                <![CDATA[org.testng.TestRunner@3a6bb9bf]]>
              </value>
            </param>
          </params>
          <reporter-output>
          </reporter-output>
        </test-method> <!-- setUpClass -->
        <test-method is-config="true" signature="setBrowser(java.lang.String)[pri:0, instance:com.elpais.runners.CucumberTestRunner@38102d01]" started-at="2025-11-14T16:09:06 IST" name="setBrowser" finished-at="2025-11-14T16:09:06 IST" duration-ms="2" status="PASS">
          <params>
            <param index="0">
              <value>
                <![CDATA[android]]>
              </value>
            </param>
          </params>
          <reporter-output>
          </reporter-output>
        </test-method> <!-- setBrowser -->
        <test-method signature="runScenario(io.cucumber.testng.PickleWrapper,io.cucumber.testng.FeatureWrapper)[pri:0, instance:com.elpais.runners.CucumberTestRunner@38102d01]" started-at="2025-11-14T16:09:06 IST" name="runScenario" description="Runs Cucumber Scenarios" data-provider="scenarios" finished-at="2025-11-14T16:10:25 IST" duration-ms="78582" status="PASS">
          <params>
            <param index="0">
              <value>
                <![CDATA["Scrape 5 articles from Opinión, translate es -> en, analyze repeated words >= 2"]]>
              </value>
            </param>
            <param index="1">
              <value>
                <![CDATA["Scrape and analyze El País Opinión articles"]]>
              </value>
            </param>
          </params>
          <reporter-output>
          </reporter-output>
        </test-method> <!-- runScenario -->
        <test-method is-config="true" signature="tearDownClass()[pri:0, instance:com.elpais.runners.CucumberTestRunner@38102d01]" started-at="2025-11-14T16:10:25 IST" name="tearDownClass" finished-at="2025-11-14T16:10:25 IST" duration-ms="493" status="PASS">
          <reporter-output>
          </reporter-output>
        </test-method> <!-- tearDownClass -->
      </class> <!-- com.elpais.runners.CucumberTestRunner -->
    </test> <!-- CucumberTests-Android -->
    <test started-at="2025-11-14T16:09:06 IST" name="CucumberTests-iPhone" finished-at="2025-11-14T16:10:31 IST" duration-ms="85868">
      <class name="com.elpais.runners.CucumberTestRunner">
        <test-method is-config="true" signature="setUpClass(org.testng.ITestContext)[pri:0, instance:com.elpais.runners.CucumberTestRunner@37271612]" started-at="2025-11-14T16:09:06 IST" name="setUpClass" finished-at="2025-11-14T16:09:06 IST" duration-ms="418" status="PASS">
          <params>
            <param index="0">
              <value>
                <![CDATA[org.testng.TestRunner@10959ece]]>
              </value>
            </param>
          </params>
          <reporter-output>
          </reporter-output>
        </test-method> <!-- setUpClass -->
        <test-method is-config="true" signature="setBrowser(java.lang.String)[pri:0, instance:com.elpais.runners.CucumberTestRunner@37271612]" started-at="2025-11-14T16:09:06 IST" name="setBrowser" finished-at="2025-11-14T16:09:06 IST" duration-ms="2" status="PASS">
          <params>
            <param index="0">
              <value>
                <![CDATA[iphone]]>
              </value>
            </param>
          </params>
          <reporter-output>
          </reporter-output>
        </test-method> <!-- setBrowser -->
        <test-method signature="runScenario(io.cucumber.testng.PickleWrapper,io.cucumber.testng.FeatureWrapper)[pri:0, instance:com.elpais.runners.CucumberTestRunner@37271612]" started-at="2025-11-14T16:09:06 IST" name="runScenario" description="Runs Cucumber Scenarios" data-provider="scenarios" finished-at="2025-11-14T16:10:31 IST" duration-ms="85352" status="PASS">
          <params>
            <param index="0">
              <value>
                <![CDATA["Scrape 5 articles from Opinión, translate es -> en, analyze repeated words >= 2"]]>
              </value>
            </param>
            <param index="1">
              <value>
                <![CDATA["Scrape and analyze El País Opinión articles"]]>
              </value>
            </param>
          </params>
          <reporter-output>
          </reporter-output>
        </test-method> <!-- runScenario -->
        <test-method is-config="true" signature="tearDownClass()[pri:0, instance:com.elpais.runners.CucumberTestRunner@37271612]" started-at="2025-11-14T16:10:31 IST" name="tearDownClass" finished-at="2025-11-14T16:10:31 IST" duration-ms="44" status="PASS">
          <reporter-output>
          </reporter-output>
        </test-method> <!-- tearDownClass -->
      </class> <!-- com.elpais.runners.CucumberTestRunner -->
    </test> <!-- CucumberTests-iPhone -->
    <test started-at="2025-11-14T16:09:06 IST" name="CucumberTests-Edge" finished-at="2025-11-14T16:10:32 IST" duration-ms="85877">
      <class name="com.elpais.runners.CucumberTestRunner">
        <test-method is-config="true" signature="setUpClass(org.testng.ITestContext)[pri:0, instance:com.elpais.runners.CucumberTestRunner@c86b9e3]" started-at="2025-11-14T16:09:06 IST" name="setUpClass" finished-at="2025-11-14T16:09:06 IST" duration-ms="417" status="PASS">
          <params>
            <param index="0">
              <value>
                <![CDATA[org.testng.TestRunner@34f7cfd9]]>
              </value>
            </param>
          </params>
          <reporter-output>
          </reporter-output>
        </test-method> <!-- setUpClass -->
        <test-method is-config="true" signature="setBrowser(java.lang.String)[pri:0, instance:com.elpais.runners.CucumberTestRunner@c86b9e3]" started-at="2025-11-14T16:09:06 IST" name="setBrowser" finished-at="2025-11-14T16:09:06 IST" duration-ms="2" status="PASS">
          <params>
            <param index="0">
              <value>
                <![CDATA[edge]]>
              </value>
            </param>
          </params>
          <reporter-output>
          </reporter-output>
        </test-method> <!-- setBrowser -->
        <test-method signature="runScenario(io.cucumber.testng.PickleWrapper,io.cucumber.testng.FeatureWrapper)[pri:0, instance:com.elpais.runners.CucumberTestRunner@c86b9e3]" started-at="2025-11-14T16:09:06 IST" name="runScenario" description="Runs Cucumber Scenarios" data-provider="scenarios" finished-at="2025-11-14T16:10:31 IST" duration-ms="85348" status="PASS">
          <params>
            <param index="0">
              <value>
                <![CDATA["Scrape 5 articles from Opinión, translate es -> en, analyze repeated words >= 2"]]>
              </value>
            </param>
            <param index="1">
              <value>
                <![CDATA["Scrape and analyze El País Opinión articles"]]>
              </value>
            </param>
          </params>
          <reporter-output>
          </reporter-output>
        </test-method> <!-- runScenario -->
        <test-method is-config="true" signature="tearDownClass()[pri:0, instance:com.elpais.runners.CucumberTestRunner@c86b9e3]" started-at="2025-11-14T16:10:31 IST" name="tearDownClass" finished-at="2025-11-14T16:10:32 IST" duration-ms="59" status="PASS">
          <reporter-output>
          </reporter-output>
        </test-method> <!-- tearDownClass -->
      </class> <!-- com.elpais.runners.CucumberTestRunner -->
    </test> <!-- CucumberTests-Edge -->
    <test started-at="2025-11-14T16:09:06 IST" name="CucumberTests-Chrome" finished-at="2025-11-14T16:10:32 IST" duration-ms="85879">
      <class name="com.elpais.runners.CucumberTestRunner">
        <test-method is-config="true" signature="setUpClass(org.testng.ITestContext)[pri:0, instance:com.elpais.runners.CucumberTestRunner@7c9d8e2]" started-at="2025-11-14T16:09:06 IST" name="setUpClass" finished-at="2025-11-14T16:09:06 IST" duration-ms="418" status="PASS">
          <params>
            <param index="0">
              <value>
                <![CDATA[org.testng.TestRunner@6b8ca3c8]]>
              </value>
            </param>
          </params>
          <reporter-output>
          </reporter-output>
        </test-method> <!-- setUpClass -->
        <test-method is-config="true" signature="setBrowser(java.lang.String)[pri:0, instance:com.elpais.runners.CucumberTestRunner@7c9d8e2]" started-at="2025-11-14T16:09:06 IST" name="setBrowser" finished-at="2025-11-14T16:09:06 IST" duration-ms="2" status="PASS">
          <params>
            <param index="0">
              <value>
                <![CDATA[chrome]]>
              </value>
            </param>
          </params>
          <reporter-output>
          </reporter-output>
        </test-method> <!-- setBrowser -->
        <test-method signature="runScenario(io.cucumber.testng.PickleWrapper,io.cucumber.testng.FeatureWrapper)[pri:0, instance:com.elpais.runners.CucumberTestRunner@7c9d8e2]" started-at="2025-11-14T16:09:06 IST" name="runScenario" description="Runs Cucumber Scenarios" data-provider="scenarios" finished-at="2025-11-14T16:10:31 IST" duration-ms="85348" status="PASS">
          <params>
            <param index="0">
              <value>
                <![CDATA["Scrape 5 articles from Opinión, translate es -> en, analyze repeated words >= 2"]]>
              </value>
            </param>
            <param index="1">
              <value>
                <![CDATA["Scrape and analyze El País Opinión articles"]]>
              </value>
            </param>
          </params>
          <reporter-output>
          </reporter-output>
        </test-method> <!-- runScenario -->
        <test-method is-config="true" signature="tearDownClass()[pri:0, instance:com.elpais.runners.CucumberTestRunner@7c9d8e2]" started-at="2025-11-14T16:10:31 IST" name="tearDownClass" finished-at="2025-11-14T16:10:32 IST" duration-ms="61" status="PASS">
          <reporter-output>
          </reporter-output>
        </test-method> <!-- tearDownClass -->
      </class> <!-- com.elpais.runners.CucumberTestRunner -->
    </test> <!-- CucumberTests-Chrome -->
    <test started-at="2025-11-14T16:09:06 IST" name="CucumberTests-Firefox" finished-at="2025-11-14T16:10:37 IST" duration-ms="91796">
      <class name="com.elpais.runners.CucumberTestRunner">
        <test-method is-config="true" signature="setUpClass(org.testng.ITestContext)[pri:0, instance:com.elpais.runners.CucumberTestRunner@e4487af]" started-at="2025-11-14T16:09:06 IST" name="setUpClass" finished-at="2025-11-14T16:09:06 IST" duration-ms="418" status="PASS">
          <params>
            <param index="0">
              <value>
                <![CDATA[org.testng.TestRunner@68c72235]]>
              </value>
            </param>
          </params>
          <reporter-output>
          </reporter-output>
        </test-method> <!-- setUpClass -->
        <test-method is-config="true" signature="setBrowser(java.lang.String)[pri:0, instance:com.elpais.runners.CucumberTestRunner@e4487af]" started-at="2025-11-14T16:09:06 IST" name="setBrowser" finished-at="2025-11-14T16:09:06 IST" duration-ms="2" status="PASS">
          <params>
            <param index="0">
              <value>
                <![CDATA[firefox]]>
              </value>
            </param>
          </params>
          <reporter-output>
          </reporter-output>
        </test-method> <!-- setBrowser -->
        <test-method signature="runScenario(io.cucumber.testng.PickleWrapper,io.cucumber.testng.FeatureWrapper)[pri:0, instance:com.elpais.runners.CucumberTestRunner@e4487af]" started-at="2025-11-14T16:09:06 IST" name="runScenario" description="Runs Cucumber Scenarios" data-provider="scenarios" finished-at="2025-11-14T16:10:37 IST" duration-ms="91318" status="PASS">
          <params>
            <param index="0">
              <value>
                <![CDATA["Scrape 5 articles from Opinión, translate es -> en, analyze repeated words >= 2"]]>
              </value>
            </param>
            <param index="1">
              <value>
                <![CDATA["Scrape and analyze El País Opinión articles"]]>
              </value>
            </param>
          </params>
          <reporter-output>
          </reporter-output>
        </test-method> <!-- runScenario -->
        <test-method is-config="true" signature="tearDownClass()[pri:0, instance:com.elpais.runners.CucumberTestRunner@e4487af]" started-at="2025-11-14T16:10:37 IST" name="tearDownClass" finished-at="2025-11-14T16:10:37 IST" duration-ms="6" status="PASS">
          <reporter-output>
          </reporter-output>
        </test-method> <!-- tearDownClass -->
      </class> <!-- com.elpais.runners.CucumberTestRunner -->
    </test> <!-- CucumberTests-Firefox -->
  </suite> <!-- CucumberSuite -->
</testng-results>
