<?xml version="1.0" encoding="UTF-8"?>
<!-- Generated by org.testng.reporters.JUnitReportReporter -->
<testsuite hostname="DESKTOP-TD6O78B" failures="0" tests="5" name="com.elpais.runners.CucumberTestRunner" time="425.948" errors="0" timestamp="2025-11-14T16:10:37 IST" skipped="0">
  <testcase classname="com.elpais.runners.CucumberTestRunner" name="runScenario" time="85.348"/>
  <testcase classname="com.elpais.runners.CucumberTestRunner" name="runScenario" time="85.352"/>
  <testcase classname="com.elpais.runners.CucumberTestRunner" name="runScenario" time="78.582"/>
  <testcase classname="com.elpais.runners.CucumberTestRunner" name="runScenario" time="85.348"/>
  <testcase classname="com.elpais.runners.CucumberTestRunner" name="runScenario" time="91.318"/>
</testsuite> <!-- com.elpais.runners.CucumberTestRunner -->
